[2022-08-21 10:00:52] flarum.ERROR: Swift_TransportException: Connection could not be established with host smtp.gmail.com :stream_socket_client(): unable to connect to tcp://smtp.gmail.com:587 (Connection refused) in /home/freeper1/public_html/new_forum/vendor/swiftmailer/swiftmailer/lib/classes/Swift/Transport/StreamBuffer.php:261
Stack trace:
#0 [internal function]: Swift_Transport_StreamBuffer->{closure}(2, 'stream_socket_c...', '/home/freeper1/...', 264, Array)
#1 /home/freeper1/public_html/new_forum/vendor/swiftmailer/swiftmailer/lib/classes/Swift/Transport/StreamBuffer.php(264): stream_socket_client('tcp://smtp.gmai...', 111, 'Connection refu...', 30, 4, Resource id #675)
#2 /home/freeper1/public_html/new_forum/vendor/swiftmailer/swiftmailer/lib/classes/Swift/Transport/StreamBuffer.php(58): Swift_Transport_StreamBuffer->establishSocketConnection()
#3 /home/freeper1/public_html/new_forum/vendor/swiftmailer/swiftmailer/lib/classes/Swift/Transport/AbstractSmtpTransport.php(143): Swift_Transport_StreamBuffer->initialize(Array)
#4 /home/freeper1/public_html/new_forum/vendor/swiftmailer/swiftmailer/lib/classes/Swift/Mailer.php(65): Swift_Transport_AbstractSmtpTransport->start()
#5 /home/freeper1/public_html/new_forum/vendor/illuminate/mail/Mailer.php(521): Swift_Mailer->send(Object(Swift_Message), Array)
#6 /home/freeper1/public_html/new_forum/vendor/illuminate/mail/Mailer.php(288): Illuminate\Mail\Mailer->sendSwiftMessage(Object(Swift_Message))
#7 /home/freeper1/public_html/new_forum/vendor/illuminate/mail/Mailer.php(212): Illuminate\Mail\Mailer->send(NULL, Array, Object(Closure))
#8 /home/freeper1/public_html/new_forum/vendor/flarum/core/src/Api/Controller/SendTestMailController.php(43): Illuminate\Mail\Mailer->raw('Hey admin!\n\nThi...', Object(Closure))
#9 /home/freeper1/public_html/new_forum/vendor/flarum/core/src/Http/RouteHandlerFactory.php(41): Flarum\Api\Controller\SendTestMailController->handle(Object(Laminas\Diactoros\ServerRequest))
#10 /home/freeper1/public_html/new_forum/vendor/flarum/core/src/Http/Middleware/ExecuteRoute.php(27): Flarum\Http\RouteHandlerFactory->Flarum\Http\{closure}(Object(Laminas\Diactoros\ServerRequest), Array)
#11 /home/freeper1/public_html/new_forum/vendor/laminas/laminas-stratigility/src/Next.php(49): Flarum\Http\Middleware\ExecuteRoute->process(Object(Laminas\Diactoros\ServerRequest), Object(Closure))
#12 /home/freeper1/public_html/new_forum/vendor/flarum/core/src/Api/Middleware/ThrottleApi.php(33): Laminas\Stratigility\Next->handle(Object(Laminas\Diactoros\ServerRequest))
#13 /home/freeper1/public_html/new_forum/vendor/laminas/laminas-stratigility/src/Next.php(49): Flarum\Api\Middleware\ThrottleApi->process(Object(Laminas\Diactoros\ServerRequest), Object(Laminas\Stratigility\Next))
#14 /home/freeper1/public_html/new_forum/vendor/flarum/core/src/Http/Middleware/CheckCsrfToken.php(44): Laminas\Stratigility\Next->handle(Object(Laminas\Diactoros\ServerRequest))
#15 /home/freeper1/public_html/new_forum/vendor/laminas/laminas-stratigility/src/Next.php(49): Flarum\Http\Middleware\CheckCsrfToken->process(Object(Laminas\Diactoros\ServerRequest), Object(Laminas\Stratigility\Next))
#16 /home/freeper1/public_html/new_forum/vendor/flarum/core/src/Http/Middleware/ResolveRoute.php(67): Laminas\Stratigility\Next->handle(Object(Laminas\Diactoros\ServerRequest))
#17 /home/freeper1/public_html/new_forum/vendor/laminas/laminas-stratigility/src/Next.php(49): Flarum\Http\Middleware\ResolveRoute->process(Object(Laminas\Diactoros\ServerRequest), Object(Laminas\Stratigility\Next))
#18 /home/freeper1/public_html/new_forum/vendor/flarum/core/src/Http/Middleware/SetLocale.php(51): Laminas\Stratigility\Next->handle(Object(Laminas\Diactoros\ServerRequest))
#19 /home/freeper1/public_html/new_forum/vendor/laminas/laminas-stratigility/src/Next.php(49): Flarum\Http\Middleware\SetLocale->process(Object(Laminas\Diactoros\ServerRequest), Object(Laminas\Stratigility\Next))
#20 /home/freeper1/public_html/new_forum/vendor/flarum/core/src/Http/Middleware/AuthenticateWithHeader.php(58): Laminas\Stratigility\Next->handle(Object(Laminas\Diactoros\ServerRequest))
#21 /home/freeper1/public_html/new_forum/vendor/laminas/laminas-stratigility/src/Next.php(49): Flarum\Http\Middleware\AuthenticateWithHeader->process(Object(Laminas\Diactoros\ServerRequest), Object(Laminas\Stratigility\Next))
#22 /home/freeper1/public_html/new_forum/vendor/flarum/core/src/Http/Middleware/AuthenticateWithSession.php(31): Laminas\Stratigility\Next->handle(Object(Laminas\Diactoros\ServerRequest))
#23 /home/freeper1/public_html/new_forum/vendor/laminas/laminas-stratigility/src/Next.php(49): Flarum\Http\Middleware\AuthenticateWithSession->process(Object(Laminas\Diactoros\ServerRequest), Object(Laminas\Stratigility\Next))
#24 /home/freeper1/public_html/new_forum/vendor/flarum/core/src/Http/Middleware/RememberFromCookie.php(52): Laminas\Stratigility\Next->handle(Object(Laminas\Diactoros\ServerRequest))
#25 /home/freeper1/public_html/new_forum/vendor/laminas/laminas-stratigility/src/Next.php(49): Flarum\Http\Middleware\RememberFromCookie->process(Object(Laminas\Diactoros\ServerRequest), Object(Laminas\Stratigility\Next))
#26 /home/freeper1/public_html/new_forum/vendor/flarum/core/src/Http/Middleware/StartSession.php(61): Laminas\Stratigility\Next->handle(Object(Laminas\Diactoros\ServerRequest))
#27 /home/freeper1/public_html/new_forum/vendor/laminas/laminas-stratigility/src/Next.php(49): Flarum\Http\Middleware\StartSession->process(Object(Laminas\Diactoros\ServerRequest), Object(Laminas\Stratigility\Next))
#28 /home/freeper1/public_html/new_forum/vendor/flarum/core/src/Api/Middleware/FakeHttpMethods.php(29): Laminas\Stratigility\Next->handle(Object(Laminas\Diactoros\ServerRequest))
#29 /home/freeper1/public_html/new_forum/vendor/laminas/laminas-stratigility/src/Next.php(49): Flarum\Api\Middleware\FakeHttpMethods->process(Object(Laminas\Diactoros\ServerRequest), Object(Laminas\Stratigility\Next))
#30 /home/freeper1/public_html/new_forum/vendor/flarum/core/src/Http/Middleware/ParseJsonBody.php(28): Laminas\Stratigility\Next->handle(Object(Laminas\Diactoros\ServerRequest))
#31 /home/freeper1/public_html/new_forum/vendor/laminas/laminas-stratigility/src/Next.php(49): Flarum\Http\Middleware\ParseJsonBody->process(Object(Laminas\Diactoros\ServerRequest), Object(Laminas\Stratigility\Next))
#32 /home/freeper1/public_html/new_forum/vendor/flarum/core/src/Http/Middleware/HandleErrors.php(57): Laminas\Stratigility\Next->handle(Object(Laminas\Diactoros\ServerRequest))
#33 /home/freeper1/public_html/new_forum/vendor/laminas/laminas-stratigility/src/Next.php(49): Flarum\Http\Middleware\HandleErrors->process(Object(Laminas\Diactoros\ServerRequest), Object(Laminas\Stratigility\Next))
#34 /home/freeper1/public_html/new_forum/vendor/flarum/core/src/Http/Middleware/InjectActorReference.php(25): Laminas\Stratigility\Next->handle(Object(Laminas\Diactoros\ServerRequest))
#35 /home/freeper1/public_html/new_forum/vendor/laminas/laminas-stratigility/src/Next.php(49): Flarum\Http\Middleware\InjectActorReference->process(Object(Laminas\Diactoros\ServerRequest), Object(Laminas\Stratigility\Next))
#36 /home/freeper1/public_html/new_forum/vendor/laminas/laminas-stratigility/src/MiddlewarePipe.php(75): Laminas\Stratigility\Next->handle(Object(Laminas\Diactoros\ServerRequest))
#37 /home/freeper1/public_html/new_forum/vendor/middlewares/request-handler/src/RequestHandler.php(84): Laminas\Stratigility\MiddlewarePipe->process(Object(Laminas\Diactoros\ServerRequest), Object(Laminas\Stratigility\Next))
#38 /home/freeper1/public_html/new_forum/vendor/laminas/laminas-stratigility/src/Next.php(49): Middlewares\RequestHandler->process(Object(Laminas\Diactoros\ServerRequest), Object(Laminas\Stratigility\Next))
#39 /home/freeper1/public_html/new_forum/vendor/middlewares/base-path-router/src/BasePathRouter.php(101): Laminas\Stratigility\Next->handle(Object(Laminas\Diactoros\ServerRequest))
#40 /home/freeper1/public_html/new_forum/vendor/laminas/laminas-stratigility/src/Next.php(49): Middlewares\BasePathRouter->process(Object(Laminas\Diactoros\ServerRequest), Object(Laminas\Stratigility\Next))
#41 /home/freeper1/public_html/new_forum/vendor/laminas/laminas-stratigility/src/Middleware/OriginalMessages.php(36): Laminas\Stratigility\Next->handle(Object(Laminas\Diactoros\ServerRequest))
#42 /home/freeper1/public_html/new_forum/vendor/laminas/laminas-stratigility/src/Next.php(49): Laminas\Stratigility\Middleware\OriginalMessages->process(Object(Laminas\Diactoros\ServerRequest), Object(Laminas\Stratigility\Next))
#43 /home/freeper1/public_html/new_forum/vendor/middlewares/base-path/src/BasePath.php(73): Laminas\Stratigility\Next->handle(Object(Laminas\Diactoros\ServerRequest))
#44 /home/freeper1/public_html/new_forum/vendor/laminas/laminas-stratigility/src/Next.php(49): Middlewares\BasePath->process(Object(Laminas\Diactoros\ServerRequest), Object(Laminas\Stratigility\Next))
#45 /home/freeper1/public_html/new_forum/vendor/flarum/core/src/Http/Middleware/ProcessIp.php(24): Laminas\Stratigility\Next->handle(Object(Laminas\Diactoros\ServerRequest))
#46 /home/freeper1/public_html/new_forum/vendor/laminas/laminas-stratigility/src/Next.php(49): Flarum\Http\Middleware\ProcessIp->process(Object(Laminas\Diactoros\ServerRequest), Object(Laminas\Stratigility\Next))
#47 /home/freeper1/public_html/new_forum/vendor/laminas/laminas-stratigility/src/MiddlewarePipe.php(75): Laminas\Stratigility\Next->handle(Object(Laminas\Diactoros\ServerRequest))
#48 /home/freeper1/public_html/new_forum/vendor/laminas/laminas-stratigility/src/MiddlewarePipe.php(64): Laminas\Stratigility\MiddlewarePipe->process(Object(Laminas\Diactoros\ServerRequest), Object(Laminas\Stratigility\EmptyPipelineHandler))
#49 /home/freeper1/public_html/new_forum/vendor/laminas/laminas-httphandlerrunner/src/RequestHandlerRunner.php(96): Laminas\Stratigility\MiddlewarePipe->handle(Object(Laminas\Diactoros\ServerRequest))
#50 /home/freeper1/public_html/new_forum/vendor/flarum/core/src/Http/Server.php(44): Laminas\HttpHandlerRunner\RequestHandlerRunner->run()
#51 /home/freeper1/public_html/new_forum/index.php(26): Flarum\Http\Server->listen()
#52 {main}  
[2022-08-21 10:23:43] flarum.ERROR: Swift_TransportException: Connection could not be established with host smtp.gmail.com :stream_socket_client(): unable to connect to tcp://smtp.gmail.com:587 (Connection refused) in /home/freeper1/public_html/new_forum/vendor/swiftmailer/swiftmailer/lib/classes/Swift/Transport/StreamBuffer.php:261
Stack trace:
#0 [internal function]: Swift_Transport_StreamBuffer->{closure}(2, 'stream_socket_c...', '/home/freeper1/...', 264, Array)
#1 /home/freeper1/public_html/new_forum/vendor/swiftmailer/swiftmailer/lib/classes/Swift/Transport/StreamBuffer.php(264): stream_socket_client('tcp://smtp.gmai...', 111, 'Connection refu...', 30, 4, Resource id #679)
#2 /home/freeper1/public_html/new_forum/vendor/swiftmailer/swiftmailer/lib/classes/Swift/Transport/StreamBuffer.php(58): Swift_Transport_StreamBuffer->establishSocketConnection()
#3 /home/freeper1/public_html/new_forum/vendor/swiftmailer/swiftmailer/lib/classes/Swift/Transport/AbstractSmtpTransport.php(143): Swift_Transport_StreamBuffer->initialize(Array)
#4 /home/freeper1/public_html/new_forum/vendor/swiftmailer/swiftmailer/lib/classes/Swift/Mailer.php(65): Swift_Transport_AbstractSmtpTransport->start()
#5 /home/freeper1/public_html/new_forum/vendor/illuminate/mail/Mailer.php(521): Swift_Mailer->send(Object(Swift_Message), Array)
#6 /home/freeper1/public_html/new_forum/vendor/illuminate/mail/Mailer.php(288): Illuminate\Mail\Mailer->sendSwiftMessage(Object(Swift_Message))
#7 /home/freeper1/public_html/new_forum/vendor/illuminate/mail/Mailer.php(212): Illuminate\Mail\Mailer->send(NULL, Array, Object(Closure))
#8 /home/freeper1/public_html/new_forum/vendor/flarum/core/src/Api/Controller/SendTestMailController.php(43): Illuminate\Mail\Mailer->raw('Hey admin!\n\nThi...', Object(Closure))
#9 /home/freeper1/public_html/new_forum/vendor/flarum/core/src/Http/RouteHandlerFactory.php(41): Flarum\Api\Controller\SendTestMailController->handle(Object(Laminas\Diactoros\ServerRequest))
#10 /home/freeper1/public_html/new_forum/vendor/flarum/core/src/Http/Middleware/ExecuteRoute.php(27): Flarum\Http\RouteHandlerFactory->Flarum\Http\{closure}(Object(Laminas\Diactoros\ServerRequest), Array)
#11 /home/freeper1/public_html/new_forum/vendor/laminas/laminas-stratigility/src/Next.php(49): Flarum\Http\Middleware\ExecuteRoute->process(Object(Laminas\Diactoros\ServerRequest), Object(Closure))
#12 /home/freeper1/public_html/new_forum/vendor/flarum/core/src/Api/Middleware/ThrottleApi.php(33): Laminas\Stratigility\Next->handle(Object(Laminas\Diactoros\ServerRequest))
#13 /home/freeper1/public_html/new_forum/vendor/laminas/laminas-stratigility/src/Next.php(49): Flarum\Api\Middleware\ThrottleApi->process(Object(Laminas\Diactoros\ServerRequest), Object(Laminas\Stratigility\Next))
#14 /home/freeper1/public_html/new_forum/vendor/flarum/core/src/Http/Middleware/CheckCsrfToken.php(44): Laminas\Stratigility\Next->handle(Object(Laminas\Diactoros\ServerRequest))
#15 /home/freeper1/public_html/new_forum/vendor/laminas/laminas-stratigility/src/Next.php(49): Flarum\Http\Middleware\CheckCsrfToken->process(Object(Laminas\Diactoros\ServerRequest), Object(Laminas\Stratigility\Next))
#16 /home/freeper1/public_html/new_forum/vendor/flarum/core/src/Http/Middleware/ResolveRoute.php(67): Laminas\Stratigility\Next->handle(Object(Laminas\Diactoros\ServerRequest))
#17 /home/freeper1/public_html/new_forum/vendor/laminas/laminas-stratigility/src/Next.php(49): Flarum\Http\Middleware\ResolveRoute->process(Object(Laminas\Diactoros\ServerRequest), Object(Laminas\Stratigility\Next))
#18 /home/freeper1/public_html/new_forum/vendor/flarum/core/src/Http/Middleware/SetLocale.php(51): Laminas\Stratigility\Next->handle(Object(Laminas\Diactoros\ServerRequest))
#19 /home/freeper1/public_html/new_forum/vendor/laminas/laminas-stratigility/src/Next.php(49): Flarum\Http\Middleware\SetLocale->process(Object(Laminas\Diactoros\ServerRequest), Object(Laminas\Stratigility\Next))
#20 /home/freeper1/public_html/new_forum/vendor/flarum/core/src/Http/Middleware/AuthenticateWithHeader.php(58): Laminas\Stratigility\Next->handle(Object(Laminas\Diactoros\ServerRequest))
#21 /home/freeper1/public_html/new_forum/vendor/laminas/laminas-stratigility/src/Next.php(49): Flarum\Http\Middleware\AuthenticateWithHeader->process(Object(Laminas\Diactoros\ServerRequest), Object(Laminas\Stratigility\Next))
#22 /home/freeper1/public_html/new_forum/vendor/flarum/core/src/Http/Middleware/AuthenticateWithSession.php(31): Laminas\Stratigility\Next->handle(Object(Laminas\Diactoros\ServerRequest))
#23 /home/freeper1/public_html/new_forum/vendor/laminas/laminas-stratigility/src/Next.php(49): Flarum\Http\Middleware\AuthenticateWithSession->process(Object(Laminas\Diactoros\ServerRequest), Object(Laminas\Stratigility\Next))
#24 /home/freeper1/public_html/new_forum/vendor/flarum/core/src/Http/Middleware/RememberFromCookie.php(52): Laminas\Stratigility\Next->handle(Object(Laminas\Diactoros\ServerRequest))
#25 /home/freeper1/public_html/new_forum/vendor/laminas/laminas-stratigility/src/Next.php(49): Flarum\Http\Middleware\RememberFromCookie->process(Object(Laminas\Diactoros\ServerRequest), Object(Laminas\Stratigility\Next))
#26 /home/freeper1/public_html/new_forum/vendor/flarum/core/src/Http/Middleware/StartSession.php(61): Laminas\Stratigility\Next->handle(Object(Laminas\Diactoros\ServerRequest))
#27 /home/freeper1/public_html/new_forum/vendor/laminas/laminas-stratigility/src/Next.php(49): Flarum\Http\Middleware\StartSession->process(Object(Laminas\Diactoros\ServerRequest), Object(Laminas\Stratigility\Next))
#28 /home/freeper1/public_html/new_forum/vendor/flarum/core/src/Api/Middleware/FakeHttpMethods.php(29): Laminas\Stratigility\Next->handle(Object(Laminas\Diactoros\ServerRequest))
#29 /home/freeper1/public_html/new_forum/vendor/laminas/laminas-stratigility/src/Next.php(49): Flarum\Api\Middleware\FakeHttpMethods->process(Object(Laminas\Diactoros\ServerRequest), Object(Laminas\Stratigility\Next))
#30 /home/freeper1/public_html/new_forum/vendor/flarum/core/src/Http/Middleware/ParseJsonBody.php(28): Laminas\Stratigility\Next->handle(Object(Laminas\Diactoros\ServerRequest))
#31 /home/freeper1/public_html/new_forum/vendor/laminas/laminas-stratigility/src/Next.php(49): Flarum\Http\Middleware\ParseJsonBody->process(Object(Laminas\Diactoros\ServerRequest), Object(Laminas\Stratigility\Next))
#32 /home/freeper1/public_html/new_forum/vendor/flarum/core/src/Http/Middleware/HandleErrors.php(57): Laminas\Stratigility\Next->handle(Object(Laminas\Diactoros\ServerRequest))
#33 /home/freeper1/public_html/new_forum/vendor/laminas/laminas-stratigility/src/Next.php(49): Flarum\Http\Middleware\HandleErrors->process(Object(Laminas\Diactoros\ServerRequest), Object(Laminas\Stratigility\Next))
#34 /home/freeper1/public_html/new_forum/vendor/flarum/core/src/Http/Middleware/InjectActorReference.php(25): Laminas\Stratigility\Next->handle(Object(Laminas\Diactoros\ServerRequest))
#35 /home/freeper1/public_html/new_forum/vendor/laminas/laminas-stratigility/src/Next.php(49): Flarum\Http\Middleware\InjectActorReference->process(Object(Laminas\Diactoros\ServerRequest), Object(Laminas\Stratigility\Next))
#36 /home/freeper1/public_html/new_forum/vendor/laminas/laminas-stratigility/src/MiddlewarePipe.php(75): Laminas\Stratigility\Next->handle(Object(Laminas\Diactoros\ServerRequest))
#37 /home/freeper1/public_html/new_forum/vendor/middlewares/request-handler/src/RequestHandler.php(84): Laminas\Stratigility\MiddlewarePipe->process(Object(Laminas\Diactoros\ServerRequest), Object(Laminas\Stratigility\Next))
#38 /home/freeper1/public_html/new_forum/vendor/laminas/laminas-stratigility/src/Next.php(49): Middlewares\RequestHandler->process(Object(Laminas\Diactoros\ServerRequest), Object(Laminas\Stratigility\Next))
#39 /home/freeper1/public_html/new_forum/vendor/middlewares/base-path-router/src/BasePathRouter.php(101): Laminas\Stratigility\Next->handle(Object(Laminas\Diactoros\ServerRequest))
#40 /home/freeper1/public_html/new_forum/vendor/laminas/laminas-stratigility/src/Next.php(49): Middlewares\BasePathRouter->process(Object(Laminas\Diactoros\ServerRequest), Object(Laminas\Stratigility\Next))
#41 /home/freeper1/public_html/new_forum/vendor/laminas/laminas-stratigility/src/Middleware/OriginalMessages.php(36): Laminas\Stratigility\Next->handle(Object(Laminas\Diactoros\ServerRequest))
#42 /home/freeper1/public_html/new_forum/vendor/laminas/laminas-stratigility/src/Next.php(49): Laminas\Stratigility\Middleware\OriginalMessages->process(Object(Laminas\Diactoros\ServerRequest), Object(Laminas\Stratigility\Next))
#43 /home/freeper1/public_html/new_forum/vendor/middlewares/base-path/src/BasePath.php(73): Laminas\Stratigility\Next->handle(Object(Laminas\Diactoros\ServerRequest))
#44 /home/freeper1/public_html/new_forum/vendor/laminas/laminas-stratigility/src/Next.php(49): Middlewares\BasePath->process(Object(Laminas\Diactoros\ServerRequest), Object(Laminas\Stratigility\Next))
#45 /home/freeper1/public_html/new_forum/vendor/flarum/core/src/Http/Middleware/ProcessIp.php(24): Laminas\Stratigility\Next->handle(Object(Laminas\Diactoros\ServerRequest))
#46 /home/freeper1/public_html/new_forum/vendor/laminas/laminas-stratigility/src/Next.php(49): Flarum\Http\Middleware\ProcessIp->process(Object(Laminas\Diactoros\ServerRequest), Object(Laminas\Stratigility\Next))
#47 /home/freeper1/public_html/new_forum/vendor/laminas/laminas-stratigility/src/MiddlewarePipe.php(75): Laminas\Stratigility\Next->handle(Object(Laminas\Diactoros\ServerRequest))
#48 /home/freeper1/public_html/new_forum/vendor/laminas/laminas-stratigility/src/MiddlewarePipe.php(64): Laminas\Stratigility\MiddlewarePipe->process(Object(Laminas\Diactoros\ServerRequest), Object(Laminas\Stratigility\EmptyPipelineHandler))
#49 /home/freeper1/public_html/new_forum/vendor/laminas/laminas-httphandlerrunner/src/RequestHandlerRunner.php(96): Laminas\Stratigility\MiddlewarePipe->handle(Object(Laminas\Diactoros\ServerRequest))
#50 /home/freeper1/public_html/new_forum/vendor/flarum/core/src/Http/Server.php(44): Laminas\HttpHandlerRunner\RequestHandlerRunner->run()
#51 /home/freeper1/public_html/new_forum/index.php(26): Flarum\Http\Server->listen()
#52 {main}  
[2022-08-21 10:25:20] flarum.ERROR: Swift_TransportException: Failed to authenticate on SMTP server with username "noreply@freeperfectmoney.com" using 2 possible authenticators. Authenticator LOGIN returned Expected response code 235 but got code "535", with message "535 Incorrect authentication data
". Authenticator PLAIN returned Expected response code 235 but got code "535", with message "535 Incorrect authentication data
". in /home/freeper1/public_html/new_forum/vendor/swiftmailer/swiftmailer/lib/classes/Swift/Transport/Esmtp/AuthHandler.php:191
Stack trace:
#0 /home/freeper1/public_html/new_forum/vendor/swiftmailer/swiftmailer/lib/classes/Swift/Transport/EsmtpTransport.php(371): Swift_Transport_Esmtp_AuthHandler->afterEhlo(Object(Swift_SmtpTransport))
#1 /home/freeper1/public_html/new_forum/vendor/swiftmailer/swiftmailer/lib/classes/Swift/Transport/AbstractSmtpTransport.php(148): Swift_Transport_EsmtpTransport->doHeloCommand()
#2 /home/freeper1/public_html/new_forum/vendor/swiftmailer/swiftmailer/lib/classes/Swift/Mailer.php(65): Swift_Transport_AbstractSmtpTransport->start()
#3 /home/freeper1/public_html/new_forum/vendor/illuminate/mail/Mailer.php(521): Swift_Mailer->send(Object(Swift_Message), Array)
#4 /home/freeper1/public_html/new_forum/vendor/illuminate/mail/Mailer.php(288): Illuminate\Mail\Mailer->sendSwiftMessage(Object(Swift_Message))
#5 /home/freeper1/public_html/new_forum/vendor/illuminate/mail/Mailer.php(212): Illuminate\Mail\Mailer->send(NULL, Array, Object(Closure))
#6 /home/freeper1/public_html/new_forum/vendor/flarum/core/src/Api/Controller/SendTestMailController.php(43): Illuminate\Mail\Mailer->raw('Hey admin!\n\nThi...', Object(Closure))
#7 /home/freeper1/public_html/new_forum/vendor/flarum/core/src/Http/RouteHandlerFactory.php(41): Flarum\Api\Controller\SendTestMailController->handle(Object(Laminas\Diactoros\ServerRequest))
#8 /home/freeper1/public_html/new_forum/vendor/flarum/core/src/Http/Middleware/ExecuteRoute.php(27): Flarum\Http\RouteHandlerFactory->Flarum\Http\{closure}(Object(Laminas\Diactoros\ServerRequest), Array)
#9 /home/freeper1/public_html/new_forum/vendor/laminas/laminas-stratigility/src/Next.php(49): Flarum\Http\Middleware\ExecuteRoute->process(Object(Laminas\Diactoros\ServerRequest), Object(Closure))
#10 /home/freeper1/public_html/new_forum/vendor/flarum/core/src/Api/Middleware/ThrottleApi.php(33): Laminas\Stratigility\Next->handle(Object(Laminas\Diactoros\ServerRequest))
#11 /home/freeper1/public_html/new_forum/vendor/laminas/laminas-stratigility/src/Next.php(49): Flarum\Api\Middleware\ThrottleApi->process(Object(Laminas\Diactoros\ServerRequest), Object(Laminas\Stratigility\Next))
#12 /home/freeper1/public_html/new_forum/vendor/flarum/core/src/Http/Middleware/CheckCsrfToken.php(44): Laminas\Stratigility\Next->handle(Object(Laminas\Diactoros\ServerRequest))
#13 /home/freeper1/public_html/new_forum/vendor/laminas/laminas-stratigility/src/Next.php(49): Flarum\Http\Middleware\CheckCsrfToken->process(Object(Laminas\Diactoros\ServerRequest), Object(Laminas\Stratigility\Next))
#14 /home/freeper1/public_html/new_forum/vendor/flarum/core/src/Http/Middleware/ResolveRoute.php(67): Laminas\Stratigility\Next->handle(Object(Laminas\Diactoros\ServerRequest))
#15 /home/freeper1/public_html/new_forum/vendor/laminas/laminas-stratigility/src/Next.php(49): Flarum\Http\Middleware\ResolveRoute->process(Object(Laminas\Diactoros\ServerRequest), Object(Laminas\Stratigility\Next))
#16 /home/freeper1/public_html/new_forum/vendor/flarum/core/src/Http/Middleware/SetLocale.php(51): Laminas\Stratigility\Next->handle(Object(Laminas\Diactoros\ServerRequest))
#17 /home/freeper1/public_html/new_forum/vendor/laminas/laminas-stratigility/src/Next.php(49): Flarum\Http\Middleware\SetLocale->process(Object(Laminas\Diactoros\ServerRequest), Object(Laminas\Stratigility\Next))
#18 /home/freeper1/public_html/new_forum/vendor/flarum/core/src/Http/Middleware/AuthenticateWithHeader.php(58): Laminas\Stratigility\Next->handle(Object(Laminas\Diactoros\ServerRequest))
#19 /home/freeper1/public_html/new_forum/vendor/laminas/laminas-stratigility/src/Next.php(49): Flarum\Http\Middleware\AuthenticateWithHeader->process(Object(Laminas\Diactoros\ServerRequest), Object(Laminas\Stratigility\Next))
#20 /home/freeper1/public_html/new_forum/vendor/flarum/core/src/Http/Middleware/AuthenticateWithSession.php(31): Laminas\Stratigility\Next->handle(Object(Laminas\Diactoros\ServerRequest))
#21 /home/freeper1/public_html/new_forum/vendor/laminas/laminas-stratigility/src/Next.php(49): Flarum\Http\Middleware\AuthenticateWithSession->process(Object(Laminas\Diactoros\ServerRequest), Object(Laminas\Stratigility\Next))
#22 /home/freeper1/public_html/new_forum/vendor/flarum/core/src/Http/Middleware/RememberFromCookie.php(52): Laminas\Stratigility\Next->handle(Object(Laminas\Diactoros\ServerRequest))
#23 /home/freeper1/public_html/new_forum/vendor/laminas/laminas-stratigility/src/Next.php(49): Flarum\Http\Middleware\RememberFromCookie->process(Object(Laminas\Diactoros\ServerRequest), Object(Laminas\Stratigility\Next))
#24 /home/freeper1/public_html/new_forum/vendor/flarum/core/src/Http/Middleware/StartSession.php(61): Laminas\Stratigility\Next->handle(Object(Laminas\Diactoros\ServerRequest))
#25 /home/freeper1/public_html/new_forum/vendor/laminas/laminas-stratigility/src/Next.php(49): Flarum\Http\Middleware\StartSession->process(Object(Laminas\Diactoros\ServerRequest), Object(Laminas\Stratigility\Next))
#26 /home/freeper1/public_html/new_forum/vendor/flarum/core/src/Api/Middleware/FakeHttpMethods.php(29): Laminas\Stratigility\Next->handle(Object(Laminas\Diactoros\ServerRequest))
#27 /home/freeper1/public_html/new_forum/vendor/laminas/laminas-stratigility/src/Next.php(49): Flarum\Api\Middleware\FakeHttpMethods->process(Object(Laminas\Diactoros\ServerRequest), Object(Laminas\Stratigility\Next))
#28 /home/freeper1/public_html/new_forum/vendor/flarum/core/src/Http/Middleware/ParseJsonBody.php(28): Laminas\Stratigility\Next->handle(Object(Laminas\Diactoros\ServerRequest))
#29 /home/freeper1/public_html/new_forum/vendor/laminas/laminas-stratigility/src/Next.php(49): Flarum\Http\Middleware\ParseJsonBody->process(Object(Laminas\Diactoros\ServerRequest), Object(Laminas\Stratigility\Next))
#30 /home/freeper1/public_html/new_forum/vendor/flarum/core/src/Http/Middleware/HandleErrors.php(57): Laminas\Stratigility\Next->handle(Object(Laminas\Diactoros\ServerRequest))
#31 /home/freeper1/public_html/new_forum/vendor/laminas/laminas-stratigility/src/Next.php(49): Flarum\Http\Middleware\HandleErrors->process(Object(Laminas\Diactoros\ServerRequest), Object(Laminas\Stratigility\Next))
#32 /home/freeper1/public_html/new_forum/vendor/flarum/core/src/Http/Middleware/InjectActorReference.php(25): Laminas\Stratigility\Next->handle(Object(Laminas\Diactoros\ServerRequest))
#33 /home/freeper1/public_html/new_forum/vendor/laminas/laminas-stratigility/src/Next.php(49): Flarum\Http\Middleware\InjectActorReference->process(Object(Laminas\Diactoros\ServerRequest), Object(Laminas\Stratigility\Next))
#34 /home/freeper1/public_html/new_forum/vendor/laminas/laminas-stratigility/src/MiddlewarePipe.php(75): Laminas\Stratigility\Next->handle(Object(Laminas\Diactoros\ServerRequest))
#35 /home/freeper1/public_html/new_forum/vendor/middlewares/request-handler/src/RequestHandler.php(84): Laminas\Stratigility\MiddlewarePipe->process(Object(Laminas\Diactoros\ServerRequest), Object(Laminas\Stratigility\Next))
#36 /home/freeper1/public_html/new_forum/vendor/laminas/laminas-stratigility/src/Next.php(49): Middlewares\RequestHandler->process(Object(Laminas\Diactoros\ServerRequest), Object(Laminas\Stratigility\Next))
#37 /home/freeper1/public_html/new_forum/vendor/middlewares/base-path-router/src/BasePathRouter.php(101): Laminas\Stratigility\Next->handle(Object(Laminas\Diactoros\ServerRequest))
#38 /home/freeper1/public_html/new_forum/vendor/laminas/laminas-stratigility/src/Next.php(49): Middlewares\BasePathRouter->process(Object(Laminas\Diactoros\ServerRequest), Object(Laminas\Stratigility\Next))
#39 /home/freeper1/public_html/new_forum/vendor/laminas/laminas-stratigility/src/Middleware/OriginalMessages.php(36): Laminas\Stratigility\Next->handle(Object(Laminas\Diactoros\ServerRequest))
#40 /home/freeper1/public_html/new_forum/vendor/laminas/laminas-stratigility/src/Next.php(49): Laminas\Stratigility\Middleware\OriginalMessages->process(Object(Laminas\Diactoros\ServerRequest), Object(Laminas\Stratigility\Next))
#41 /home/freeper1/public_html/new_forum/vendor/middlewares/base-path/src/BasePath.php(73): Laminas\Stratigility\Next->handle(Object(Laminas\Diactoros\ServerRequest))
#42 /home/freeper1/public_html/new_forum/vendor/laminas/laminas-stratigility/src/Next.php(49): Middlewares\BasePath->process(Object(Laminas\Diactoros\ServerRequest), Object(Laminas\Stratigility\Next))
#43 /home/freeper1/public_html/new_forum/vendor/flarum/core/src/Http/Middleware/ProcessIp.php(24): Laminas\Stratigility\Next->handle(Object(Laminas\Diactoros\ServerRequest))
#44 /home/freeper1/public_html/new_forum/vendor/laminas/laminas-stratigility/src/Next.php(49): Flarum\Http\Middleware\ProcessIp->process(Object(Laminas\Diactoros\ServerRequest), Object(Laminas\Stratigility\Next))
#45 /home/freeper1/public_html/new_forum/vendor/laminas/laminas-stratigility/src/MiddlewarePipe.php(75): Laminas\Stratigility\Next->handle(Object(Laminas\Diactoros\ServerRequest))
#46 /home/freeper1/public_html/new_forum/vendor/laminas/laminas-stratigility/src/MiddlewarePipe.php(64): Laminas\Stratigility\MiddlewarePipe->process(Object(Laminas\Diactoros\ServerRequest), Object(Laminas\Stratigility\EmptyPipelineHandler))
#47 /home/freeper1/public_html/new_forum/vendor/laminas/laminas-httphandlerrunner/src/RequestHandlerRunner.php(96): Laminas\Stratigility\MiddlewarePipe->handle(Object(Laminas\Diactoros\ServerRequest))
#48 /home/freeper1/public_html/new_forum/vendor/flarum/core/src/Http/Server.php(44): Laminas\HttpHandlerRunner\RequestHandlerRunner->run()
#49 /home/freeper1/public_html/new_forum/index.php(26): Flarum\Http\Server->listen()
#50 {main}  
[2022-08-21 21:38:39] flarum.ERROR: PDOException: SQLSTATE[28000] [1045] Access denied for user 'root'@'localhost' (using password: NO) in /home/freeper1/public_html/vendor/doctrine/dbal/lib/Doctrine/DBAL/Driver/PDOConnection.php:40
Stack trace:
#0 /home/freeper1/public_html/vendor/doctrine/dbal/lib/Doctrine/DBAL/Driver/PDOConnection.php(40): PDO->__construct('mysql:host=loca...', 'root', '', Array)
#1 /home/freeper1/public_html/vendor/illuminate/database/Connectors/Connector.php(67): Doctrine\DBAL\Driver\PDOConnection->__construct('mysql:host=loca...', 'root', '', Array)
#2 /home/freeper1/public_html/vendor/illuminate/database/Connectors/Connector.php(46): Illuminate\Database\Connectors\Connector->createPdoConnection('mysql:host=loca...', 'root', '', Array)
#3 /home/freeper1/public_html/vendor/illuminate/database/Connectors/MySqlConnector.php(24): Illuminate\Database\Connectors\Connector->createConnection('mysql:host=loca...', Array, Array)
#4 /home/freeper1/public_html/vendor/illuminate/database/Connectors/ConnectionFactory.php(184): Illuminate\Database\Connectors\MySqlConnector->connect(Array)
#5 [internal function]: Illuminate\Database\Connectors\ConnectionFactory->Illuminate\Database\Connectors\{closure}()
#6 /home/freeper1/public_html/vendor/illuminate/database/Connection.php(1064): call_user_func(Object(Closure))
#7 /home/freeper1/public_html/vendor/illuminate/database/Connection.php(1014): Illuminate\Database\Connection->getPdo()
#8 /home/freeper1/public_html/vendor/illuminate/database/Connection.php(994): Illuminate\Database\Connection->getDoctrineConnection()
#9 /home/freeper1/public_html/vendor/flarum/core/src/Database/Migrator.php(72): Illuminate\Database\Connection->getDoctrineSchemaManager()
#10 [internal function]: Flarum\Database\Migrator->__construct(Object(Flarum\Database\DatabaseMigrationRepository), Object(Illuminate\Database\MySqlConnection), Object(Illuminate\Filesystem\Filesystem))
#11 /home/freeper1/public_html/vendor/illuminate/container/Container.php(917): ReflectionClass->newInstanceArgs(Array)
#12 /home/freeper1/public_html/vendor/illuminate/container/Container.php(758): Illuminate\Container\Container->build('Flarum\\Database...')
#13 /home/freeper1/public_html/vendor/illuminate/container/Container.php(694): Illuminate\Container\Container->resolve('Flarum\\Database...', Array)
#14 /home/freeper1/public_html/vendor/illuminate/container/Container.php(1027): Illuminate\Container\Container->make('Flarum\\Database...')
#15 /home/freeper1/public_html/vendor/illuminate/container/Container.php(947): Illuminate\Container\Container->resolveClass(Object(ReflectionParameter))
#16 /home/freeper1/public_html/vendor/illuminate/container/Container.php(908): Illuminate\Container\Container->resolveDependencies(Array)
#17 /home/freeper1/public_html/vendor/illuminate/container/Container.php(292): Illuminate\Container\Container->build('Flarum\\Extensio...')
#18 /home/freeper1/public_html/vendor/illuminate/container/Container.php(873): Illuminate\Container\Container->Illuminate\Container\{closure}(Object(Illuminate\Container\Container), Array)
#19 /home/freeper1/public_html/vendor/illuminate/container/Container.php(758): Illuminate\Container\Container->build(Object(Closure))
#20 /home/freeper1/public_html/vendor/illuminate/container/Container.php(694): Illuminate\Container\Container->resolve('Flarum\\Extensio...', Array)
#21 /home/freeper1/public_html/vendor/flarum/core/src/Extension/ExtensionServiceProvider.php(31): Illuminate\Container\Container->make('flarum.extensio...')
#22 [internal function]: Flarum\Extension\ExtensionServiceProvider->Flarum\Extension\{closure}(Object(Flarum\Foundation\Application))
#23 /home/freeper1/public_html/vendor/flarum/core/src/Foundation/Application.php(329): call_user_func(Object(Closure), Object(Flarum\Foundation\Application))
#24 /home/freeper1/public_html/vendor/flarum/core/src/Foundation/Application.php(270): Flarum\Foundation\Application->fireAppCallbacks(Array)
#25 /home/freeper1/public_html/vendor/flarum/core/src/Foundation/InstalledSite.php(151): Flarum\Foundation\Application->boot()
#26 /home/freeper1/public_html/vendor/flarum/core/src/Foundation/InstalledSite.php(82): Flarum\Foundation\InstalledSite->bootLaravel()
#27 /home/freeper1/public_html/vendor/flarum/core/src/Http/Server.php(58): Flarum\Foundation\InstalledSite->bootApp()
#28 /home/freeper1/public_html/vendor/flarum/core/src/Http/Server.php(35): Flarum\Http\Server->safelyBootAndGetHandler()
#29 /home/freeper1/public_html/index.php(26): Flarum\Http\Server->listen()
#30 {main}

Next Doctrine\DBAL\Driver\PDO\Exception: SQLSTATE[28000] [1045] Access denied for user 'root'@'localhost' (using password: NO) in /home/freeper1/public_html/vendor/doctrine/dbal/lib/Doctrine/DBAL/Driver/PDO/Exception.php:18
Stack trace:
#0 /home/freeper1/public_html/vendor/doctrine/dbal/lib/Doctrine/DBAL/Driver/PDOConnection.php(44): Doctrine\DBAL\Driver\PDO\Exception::new(Object(PDOException))
#1 /home/freeper1/public_html/vendor/illuminate/database/Connectors/Connector.php(67): Doctrine\DBAL\Driver\PDOConnection->__construct('mysql:host=loca...', 'root', '', Array)
#2 /home/freeper1/public_html/vendor/illuminate/database/Connectors/Connector.php(46): Illuminate\Database\Connectors\Connector->createPdoConnection('mysql:host=loca...', 'root', '', Array)
#3 /home/freeper1/public_html/vendor/illuminate/database/Connectors/MySqlConnector.php(24): Illuminate\Database\Connectors\Connector->createConnection('mysql:host=loca...', Array, Array)
#4 /home/freeper1/public_html/vendor/illuminate/database/Connectors/ConnectionFactory.php(184): Illuminate\Database\Connectors\MySqlConnector->connect(Array)
#5 [internal function]: Illuminate\Database\Connectors\ConnectionFactory->Illuminate\Database\Connectors\{closure}()
#6 /home/freeper1/public_html/vendor/illuminate/database/Connection.php(1064): call_user_func(Object(Closure))
#7 /home/freeper1/public_html/vendor/illuminate/database/Connection.php(1014): Illuminate\Database\Connection->getPdo()
#8 /home/freeper1/public_html/vendor/illuminate/database/Connection.php(994): Illuminate\Database\Connection->getDoctrineConnection()
#9 /home/freeper1/public_html/vendor/flarum/core/src/Database/Migrator.php(72): Illuminate\Database\Connection->getDoctrineSchemaManager()
#10 [internal function]: Flarum\Database\Migrator->__construct(Object(Flarum\Database\DatabaseMigrationRepository), Object(Illuminate\Database\MySqlConnection), Object(Illuminate\Filesystem\Filesystem))
#11 /home/freeper1/public_html/vendor/illuminate/container/Container.php(917): ReflectionClass->newInstanceArgs(Array)
#12 /home/freeper1/public_html/vendor/illuminate/container/Container.php(758): Illuminate\Container\Container->build('Flarum\\Database...')
#13 /home/freeper1/public_html/vendor/illuminate/container/Container.php(694): Illuminate\Container\Container->resolve('Flarum\\Database...', Array)
#14 /home/freeper1/public_html/vendor/illuminate/container/Container.php(1027): Illuminate\Container\Container->make('Flarum\\Database...')
#15 /home/freeper1/public_html/vendor/illuminate/container/Container.php(947): Illuminate\Container\Container->resolveClass(Object(ReflectionParameter))
#16 /home/freeper1/public_html/vendor/illuminate/container/Container.php(908): Illuminate\Container\Container->resolveDependencies(Array)
#17 /home/freeper1/public_html/vendor/illuminate/container/Container.php(292): Illuminate\Container\Container->build('Flarum\\Extensio...')
#18 /home/freeper1/public_html/vendor/illuminate/container/Container.php(873): Illuminate\Container\Container->Illuminate\Container\{closure}(Object(Illuminate\Container\Container), Array)
#19 /home/freeper1/public_html/vendor/illuminate/container/Container.php(758): Illuminate\Container\Container->build(Object(Closure))
#20 /home/freeper1/public_html/vendor/illuminate/container/Container.php(694): Illuminate\Container\Container->resolve('Flarum\\Extensio...', Array)
#21 /home/freeper1/public_html/vendor/flarum/core/src/Extension/ExtensionServiceProvider.php(31): Illuminate\Container\Container->make('flarum.extensio...')
#22 [internal function]: Flarum\Extension\ExtensionServiceProvider->Flarum\Extension\{closure}(Object(Flarum\Foundation\Application))
#23 /home/freeper1/public_html/vendor/flarum/core/src/Foundation/Application.php(329): call_user_func(Object(Closure), Object(Flarum\Foundation\Application))
#24 /home/freeper1/public_html/vendor/flarum/core/src/Foundation/Application.php(270): Flarum\Foundation\Application->fireAppCallbacks(Array)
#25 /home/freeper1/public_html/vendor/flarum/core/src/Foundation/InstalledSite.php(151): Flarum\Foundation\Application->boot()
#26 /home/freeper1/public_html/vendor/flarum/core/src/Foundation/InstalledSite.php(82): Flarum\Foundation\InstalledSite->bootLaravel()
#27 /home/freeper1/public_html/vendor/flarum/core/src/Http/Server.php(58): Flarum\Foundation\InstalledSite->bootApp()
#28 /home/freeper1/public_html/vendor/flarum/core/src/Http/Server.php(35): Flarum\Http\Server->safelyBootAndGetHandler()
#29 /home/freeper1/public_html/index.php(26): Flarum\Http\Server->listen()
#30 {main}  
