[2022-08-30 09:52:52] flarum.ERROR: PDOException: SQLSTATE[23000]: Integrity constraint violation: 1062 Duplicate entry '7172-3' for key 'PRIMARY' in /home/freeper1/public_html/vendor/doctrine/dbal/lib/Doctrine/DBAL/Driver/PDOStatement.php:117
Stack trace:
#0 /home/freeper1/public_html/vendor/doctrine/dbal/lib/Doctrine/DBAL/Driver/PDOStatement.php(117): PDOStatement->execute(NULL)
#1 /home/freeper1/public_html/vendor/illuminate/database/Connection.php(501): Doctrine\DBAL\Driver\PDOStatement->execute()
#2 /home/freeper1/public_html/vendor/illuminate/database/Connection.php(705): Illuminate\Database\Connection->Illuminate\Database\{closure}('insert into `di...', Array)
#3 /home/freeper1/public_html/vendor/illuminate/database/Connection.php(672): Illuminate\Database\Connection->runQueryCallback('insert into `di...', Array, Object(Closure))
#4 /home/freeper1/public_html/vendor/illuminate/database/Connection.php(502): Illuminate\Database\Connection->run('insert into `di...', Array, Object(Closure))
#5 /home/freeper1/public_html/vendor/illuminate/database/Connection.php(454): Illuminate\Database\Connection->statement('insert into `di...', Array)
#6 /home/freeper1/public_html/vendor/illuminate/database/Query/Processors/Processor.php(32): Illuminate\Database\Connection->insert('insert into `di...', Array)
#7 /home/freeper1/public_html/vendor/illuminate/database/Query/Builder.php(3028): Illuminate\Database\Query\Processors\Processor->processInsertGetId(Object(Illuminate\Database\Query\Builder), 'insert into `di...', Array, 'id')
#8 /home/freeper1/public_html/vendor/illuminate/database/Eloquent/Builder.php(1657): Illuminate\Database\Query\Builder->insertGetId(Array, 'id')
#9 /home/freeper1/public_html/vendor/illuminate/database/Eloquent/Model.php(1188): Illuminate\Database\Eloquent\Builder->__call('insertGetId', Array)
#10 /home/freeper1/public_html/vendor/illuminate/database/Eloquent/Model.php(1153): Illuminate\Database\Eloquent\Model->insertAndSetId(Object(Illuminate\Database\Eloquent\Builder), Array)
#11 /home/freeper1/public_html/vendor/illuminate/database/Eloquent/Model.php(994): Illuminate\Database\Eloquent\Model->performInsert(Object(Illuminate\Database\Eloquent\Builder))
#12 /home/freeper1/public_html/vendor/flarum/core/src/Discussion/Command/ReadDiscussionHandler.php(56): Illuminate\Database\Eloquent\Model->save()
#13 /home/freeper1/public_html/vendor/illuminate/bus/Dispatcher.php(122): Flarum\Discussion\Command\ReadDiscussionHandler->handle(Object(Flarum\Discussion\Command\ReadDiscussion))
#14 /home/freeper1/public_html/vendor/illuminate/pipeline/Pipeline.php(128): Illuminate\Bus\Dispatcher->Illuminate\Bus\{closure}(Object(Flarum\Discussion\Command\ReadDiscussion))
#15 /home/freeper1/public_html/vendor/illuminate/pipeline/Pipeline.php(103): Illuminate\Pipeline\Pipeline->Illuminate\Pipeline\{closure}(Object(Flarum\Discussion\Command\ReadDiscussion))
#16 /home/freeper1/public_html/vendor/illuminate/bus/Dispatcher.php(132): Illuminate\Pipeline\Pipeline->then(Object(Closure))
#17 /home/freeper1/public_html/vendor/illuminate/bus/Dispatcher.php(78): Illuminate\Bus\Dispatcher->dispatchNow(Object(Flarum\Discussion\Command\ReadDiscussion))
#18 /home/freeper1/public_html/vendor/flarum/core/src/Api/Controller/UpdateDiscussionController.php(59): Illuminate\Bus\Dispatcher->dispatch(Object(Flarum\Discussion\Command\ReadDiscussion))
#19 /home/freeper1/public_html/vendor/flarum/core/src/Api/Controller/AbstractSerializeController.php(115): Flarum\Api\Controller\UpdateDiscussionController->data(Object(Laminas\Diactoros\ServerRequest), Object(Tobscure\JsonApi\Document))
#20 /home/freeper1/public_html/vendor/flarum/core/src/Http/RouteHandlerFactory.php(41): Flarum\Api\Controller\AbstractSerializeController->handle(Object(Laminas\Diactoros\ServerRequest))
#21 /home/freeper1/public_html/vendor/flarum/core/src/Http/Middleware/ExecuteRoute.php(27): Flarum\Http\RouteHandlerFactory->Flarum\Http\{closure}(Object(Laminas\Diactoros\ServerRequest), Array)
#22 /home/freeper1/public_html/vendor/laminas/laminas-stratigility/src/Next.php(49): Flarum\Http\Middleware\ExecuteRoute->process(Object(Laminas\Diactoros\ServerRequest), Object(Closure))
#23 /home/freeper1/public_html/vendor/flarum/core/src/Api/Middleware/ThrottleApi.php(33): Laminas\Stratigility\Next->handle(Object(Laminas\Diactoros\ServerRequest))
#24 /home/freeper1/public_html/vendor/laminas/laminas-stratigility/src/Next.php(49): Flarum\Api\Middleware\ThrottleApi->process(Object(Laminas\Diactoros\ServerRequest), Object(Laminas\Stratigility\Next))
#25 /home/freeper1/public_html/vendor/flarum/core/src/Http/Middleware/CheckCsrfToken.php(44): Laminas\Stratigility\Next->handle(Object(Laminas\Diactoros\ServerRequest))
#26 /home/freeper1/public_html/vendor/laminas/laminas-stratigility/src/Next.php(49): Flarum\Http\Middleware\CheckCsrfToken->process(Object(Laminas\Diactoros\ServerRequest), Object(Laminas\Stratigility\Next))
#27 /home/freeper1/public_html/vendor/flarum/core/src/Http/Middleware/ResolveRoute.php(67): Laminas\Stratigility\Next->handle(Object(Laminas\Diactoros\ServerRequest))
#28 /home/freeper1/public_html/vendor/laminas/laminas-stratigility/src/Next.php(49): Flarum\Http\Middleware\ResolveRoute->process(Object(Laminas\Diactoros\ServerRequest), Object(Laminas\Stratigility\Next))
#29 /home/freeper1/public_html/vendor/flarum/core/src/Http/Middleware/SetLocale.php(51): Laminas\Stratigility\Next->handle(Object(Laminas\Diactoros\ServerRequest))
#30 /home/freeper1/public_html/vendor/laminas/laminas-stratigility/src/Next.php(49): Flarum\Http\Middleware\SetLocale->process(Object(Laminas\Diactoros\ServerRequest), Object(Laminas\Stratigility\Next))
#31 /home/freeper1/public_html/vendor/flarum/core/src/Http/Middleware/AuthenticateWithHeader.php(58): Laminas\Stratigility\Next->handle(Object(Laminas\Diactoros\ServerRequest))
#32 /home/freeper1/public_html/vendor/laminas/laminas-stratigility/src/Next.php(49): Flarum\Http\Middleware\AuthenticateWithHeader->process(Object(Laminas\Diactoros\ServerRequest), Object(Laminas\Stratigility\Next))
#33 /home/freeper1/public_html/vendor/flarum/core/src/Http/Middleware/AuthenticateWithSession.php(31): Laminas\Stratigility\Next->handle(Object(Laminas\Diactoros\ServerRequest))
#34 /home/freeper1/public_html/vendor/laminas/laminas-stratigility/src/Next.php(49): Flarum\Http\Middleware\AuthenticateWithSession->process(Object(Laminas\Diactoros\ServerRequest), Object(Laminas\Stratigility\Next))
#35 /home/freeper1/public_html/vendor/flarum/core/src/Http/Middleware/RememberFromCookie.php(52): Laminas\Stratigility\Next->handle(Object(Laminas\Diactoros\ServerRequest))
#36 /home/freeper1/public_html/vendor/laminas/laminas-stratigility/src/Next.php(49): Flarum\Http\Middleware\RememberFromCookie->process(Object(Laminas\Diactoros\ServerRequest), Object(Laminas\Stratigility\Next))
#37 /home/freeper1/public_html/vendor/flarum/core/src/Http/Middleware/StartSession.php(61): Laminas\Stratigility\Next->handle(Object(Laminas\Diactoros\ServerRequest))
#38 /home/freeper1/public_html/vendor/laminas/laminas-stratigility/src/Next.php(49): Flarum\Http\Middleware\StartSession->process(Object(Laminas\Diactoros\ServerRequest), Object(Laminas\Stratigility\Next))
#39 /home/freeper1/public_html/vendor/flarum/core/src/Api/Middleware/FakeHttpMethods.php(29): Laminas\Stratigility\Next->handle(Object(Laminas\Diactoros\ServerRequest))
#40 /home/freeper1/public_html/vendor/laminas/laminas-stratigility/src/Next.php(49): Flarum\Api\Middleware\FakeHttpMethods->process(Object(Laminas\Diactoros\ServerRequest), Object(Laminas\Stratigility\Next))
#41 /home/freeper1/public_html/vendor/flarum/core/src/Http/Middleware/ParseJsonBody.php(28): Laminas\Stratigility\Next->handle(Object(Laminas\Diactoros\ServerRequest))
#42 /home/freeper1/public_html/vendor/laminas/laminas-stratigility/src/Next.php(49): Flarum\Http\Middleware\ParseJsonBody->process(Object(Laminas\Diactoros\ServerRequest), Object(Laminas\Stratigility\Next))
#43 /home/freeper1/public_html/vendor/flarum/core/src/Http/Middleware/HandleErrors.php(57): Laminas\Stratigility\Next->handle(Object(Laminas\Diactoros\ServerRequest))
#44 /home/freeper1/public_html/vendor/laminas/laminas-stratigility/src/Next.php(49): Flarum\Http\Middleware\HandleErrors->process(Object(Laminas\Diactoros\ServerRequest), Object(Laminas\Stratigility\Next))
#45 /home/freeper1/public_html/vendor/flarum/core/src/Http/Middleware/InjectActorReference.php(25): Laminas\Stratigility\Next->handle(Object(Laminas\Diactoros\ServerRequest))
#46 /home/freeper1/public_html/vendor/laminas/laminas-stratigility/src/Next.php(49): Flarum\Http\Middleware\InjectActorReference->process(Object(Laminas\Diactoros\ServerRequest), Object(Laminas\Stratigility\Next))
#47 /home/freeper1/public_html/vendor/laminas/laminas-stratigility/src/MiddlewarePipe.php(75): Laminas\Stratigility\Next->handle(Object(Laminas\Diactoros\ServerRequest))
#48 /home/freeper1/public_html/vendor/middlewares/request-handler/src/RequestHandler.php(84): Laminas\Stratigility\MiddlewarePipe->process(Object(Laminas\Diactoros\ServerRequest), Object(Laminas\Stratigility\Next))
#49 /home/freeper1/public_html/vendor/laminas/laminas-stratigility/src/Next.php(49): Middlewares\RequestHandler->process(Object(Laminas\Diactoros\ServerRequest), Object(Laminas\Stratigility\Next))
#50 /home/freeper1/public_html/vendor/middlewares/base-path-router/src/BasePathRouter.php(101): Laminas\Stratigility\Next->handle(Object(Laminas\Diactoros\ServerRequest))
#51 /home/freeper1/public_html/vendor/laminas/laminas-stratigility/src/Next.php(49): Middlewares\BasePathRouter->process(Object(Laminas\Diactoros\ServerRequest), Object(Laminas\Stratigility\Next))
#52 /home/freeper1/public_html/vendor/laminas/laminas-stratigility/src/Middleware/OriginalMessages.php(36): Laminas\Stratigility\Next->handle(Object(Laminas\Diactoros\ServerRequest))
#53 /home/freeper1/public_html/vendor/laminas/laminas-stratigility/src/Next.php(49): Laminas\Stratigility\Middleware\OriginalMessages->process(Object(Laminas\Diactoros\ServerRequest), Object(Laminas\Stratigility\Next))
#54 /home/freeper1/public_html/vendor/middlewares/base-path/src/BasePath.php(73): Laminas\Stratigility\Next->handle(Object(Laminas\Diactoros\ServerRequest))
#55 /home/freeper1/public_html/vendor/laminas/laminas-stratigility/src/Next.php(49): Middlewares\BasePath->process(Object(Laminas\Diactoros\ServerRequest), Object(Laminas\Stratigility\Next))
#56 /home/freeper1/public_html/vendor/flarum/core/src/Http/Middleware/ProcessIp.php(24): Laminas\Stratigility\Next->handle(Object(Laminas\Diactoros\ServerRequest))
#57 /home/freeper1/public_html/vendor/laminas/laminas-stratigility/src/Next.php(49): Flarum\Http\Middleware\ProcessIp->process(Object(Laminas\Diactoros\ServerRequest), Object(Laminas\Stratigility\Next))
#58 /home/freeper1/public_html/vendor/laminas/laminas-stratigility/src/MiddlewarePipe.php(75): Laminas\Stratigility\Next->handle(Object(Laminas\Diactoros\ServerRequest))
#59 /home/freeper1/public_html/vendor/laminas/laminas-stratigility/src/MiddlewarePipe.php(64): Laminas\Stratigility\MiddlewarePipe->process(Object(Laminas\Diactoros\ServerRequest), Object(Laminas\Stratigility\EmptyPipelineHandler))
#60 /home/freeper1/public_html/vendor/laminas/laminas-httphandlerrunner/src/RequestHandlerRunner.php(96): Laminas\Stratigility\MiddlewarePipe->handle(Object(Laminas\Diactoros\ServerRequest))
#61 /home/freeper1/public_html/vendor/flarum/core/src/Http/Server.php(44): Laminas\HttpHandlerRunner\RequestHandlerRunner->run()
#62 /home/freeper1/public_html/index.php(26): Flarum\Http\Server->listen()
#63 {main}

Next Doctrine\DBAL\Driver\PDO\Exception: SQLSTATE[23000]: Integrity constraint violation: 1062 Duplicate entry '7172-3' for key 'PRIMARY' in /home/freeper1/public_html/vendor/doctrine/dbal/lib/Doctrine/DBAL/Driver/PDO/Exception.php:18
Stack trace:
#0 /home/freeper1/public_html/vendor/doctrine/dbal/lib/Doctrine/DBAL/Driver/PDOStatement.php(119): Doctrine\DBAL\Driver\PDO\Exception::new(Object(PDOException))
#1 /home/freeper1/public_html/vendor/illuminate/database/Connection.php(501): Doctrine\DBAL\Driver\PDOStatement->execute()
#2 /home/freeper1/public_html/vendor/illuminate/database/Connection.php(705): Illuminate\Database\Connection->Illuminate\Database\{closure}('insert into `di...', Array)
#3 /home/freeper1/public_html/vendor/illuminate/database/Connection.php(672): Illuminate\Database\Connection->runQueryCallback('insert into `di...', Array, Object(Closure))
#4 /home/freeper1/public_html/vendor/illuminate/database/Connection.php(502): Illuminate\Database\Connection->run('insert into `di...', Array, Object(Closure))
#5 /home/freeper1/public_html/vendor/illuminate/database/Connection.php(454): Illuminate\Database\Connection->statement('insert into `di...', Array)
#6 /home/freeper1/public_html/vendor/illuminate/database/Query/Processors/Processor.php(32): Illuminate\Database\Connection->insert('insert into `di...', Array)
#7 /home/freeper1/public_html/vendor/illuminate/database/Query/Builder.php(3028): Illuminate\Database\Query\Processors\Processor->processInsertGetId(Object(Illuminate\Database\Query\Builder), 'insert into `di...', Array, 'id')
#8 /home/freeper1/public_html/vendor/illuminate/database/Eloquent/Builder.php(1657): Illuminate\Database\Query\Builder->insertGetId(Array, 'id')
#9 /home/freeper1/public_html/vendor/illuminate/database/Eloquent/Model.php(1188): Illuminate\Database\Eloquent\Builder->__call('insertGetId', Array)
#10 /home/freeper1/public_html/vendor/illuminate/database/Eloquent/Model.php(1153): Illuminate\Database\Eloquent\Model->insertAndSetId(Object(Illuminate\Database\Eloquent\Builder), Array)
#11 /home/freeper1/public_html/vendor/illuminate/database/Eloquent/Model.php(994): Illuminate\Database\Eloquent\Model->performInsert(Object(Illuminate\Database\Eloquent\Builder))
#12 /home/freeper1/public_html/vendor/flarum/core/src/Discussion/Command/ReadDiscussionHandler.php(56): Illuminate\Database\Eloquent\Model->save()
#13 /home/freeper1/public_html/vendor/illuminate/bus/Dispatcher.php(122): Flarum\Discussion\Command\ReadDiscussionHandler->handle(Object(Flarum\Discussion\Command\ReadDiscussion))
#14 /home/freeper1/public_html/vendor/illuminate/pipeline/Pipeline.php(128): Illuminate\Bus\Dispatcher->Illuminate\Bus\{closure}(Object(Flarum\Discussion\Command\ReadDiscussion))
#15 /home/freeper1/public_html/vendor/illuminate/pipeline/Pipeline.php(103): Illuminate\Pipeline\Pipeline->Illuminate\Pipeline\{closure}(Object(Flarum\Discussion\Command\ReadDiscussion))
#16 /home/freeper1/public_html/vendor/illuminate/bus/Dispatcher.php(132): Illuminate\Pipeline\Pipeline->then(Object(Closure))
#17 /home/freeper1/public_html/vendor/illuminate/bus/Dispatcher.php(78): Illuminate\Bus\Dispatcher->dispatchNow(Object(Flarum\Discussion\Command\ReadDiscussion))
#18 /home/freeper1/public_html/vendor/flarum/core/src/Api/Controller/UpdateDiscussionController.php(59): Illuminate\Bus\Dispatcher->dispatch(Object(Flarum\Discussion\Command\ReadDiscussion))
#19 /home/freeper1/public_html/vendor/flarum/core/src/Api/Controller/AbstractSerializeController.php(115): Flarum\Api\Controller\UpdateDiscussionController->data(Object(Laminas\Diactoros\ServerRequest), Object(Tobscure\JsonApi\Document))
#20 /home/freeper1/public_html/vendor/flarum/core/src/Http/RouteHandlerFactory.php(41): Flarum\Api\Controller\AbstractSerializeController->handle(Object(Laminas\Diactoros\ServerRequest))
#21 /home/freeper1/public_html/vendor/flarum/core/src/Http/Middleware/ExecuteRoute.php(27): Flarum\Http\RouteHandlerFactory->Flarum\Http\{closure}(Object(Laminas\Diactoros\ServerRequest), Array)
#22 /home/freeper1/public_html/vendor/laminas/laminas-stratigility/src/Next.php(49): Flarum\Http\Middleware\ExecuteRoute->process(Object(Laminas\Diactoros\ServerRequest), Object(Closure))
#23 /home/freeper1/public_html/vendor/flarum/core/src/Api/Middleware/ThrottleApi.php(33): Laminas\Stratigility\Next->handle(Object(Laminas\Diactoros\ServerRequest))
#24 /home/freeper1/public_html/vendor/laminas/laminas-stratigility/src/Next.php(49): Flarum\Api\Middleware\ThrottleApi->process(Object(Laminas\Diactoros\ServerRequest), Object(Laminas\Stratigility\Next))
#25 /home/freeper1/public_html/vendor/flarum/core/src/Http/Middleware/CheckCsrfToken.php(44): Laminas\Stratigility\Next->handle(Object(Laminas\Diactoros\ServerRequest))
#26 /home/freeper1/public_html/vendor/laminas/laminas-stratigility/src/Next.php(49): Flarum\Http\Middleware\CheckCsrfToken->process(Object(Laminas\Diactoros\ServerRequest), Object(Laminas\Stratigility\Next))
#27 /home/freeper1/public_html/vendor/flarum/core/src/Http/Middleware/ResolveRoute.php(67): Laminas\Stratigility\Next->handle(Object(Laminas\Diactoros\ServerRequest))
#28 /home/freeper1/public_html/vendor/laminas/laminas-stratigility/src/Next.php(49): Flarum\Http\Middleware\ResolveRoute->process(Object(Laminas\Diactoros\ServerRequest), Object(Laminas\Stratigility\Next))
#29 /home/freeper1/public_html/vendor/flarum/core/src/Http/Middleware/SetLocale.php(51): Laminas\Stratigility\Next->handle(Object(Laminas\Diactoros\ServerRequest))
#30 /home/freeper1/public_html/vendor/laminas/laminas-stratigility/src/Next.php(49): Flarum\Http\Middleware\SetLocale->process(Object(Laminas\Diactoros\ServerRequest), Object(Laminas\Stratigility\Next))
#31 /home/freeper1/public_html/vendor/flarum/core/src/Http/Middleware/AuthenticateWithHeader.php(58): Laminas\Stratigility\Next->handle(Object(Laminas\Diactoros\ServerRequest))
#32 /home/freeper1/public_html/vendor/laminas/laminas-stratigility/src/Next.php(49): Flarum\Http\Middleware\AuthenticateWithHeader->process(Object(Laminas\Diactoros\ServerRequest), Object(Laminas\Stratigility\Next))
#33 /home/freeper1/public_html/vendor/flarum/core/src/Http/Middleware/AuthenticateWithSession.php(31): Laminas\Stratigility\Next->handle(Object(Laminas\Diactoros\ServerRequest))
#34 /home/freeper1/public_html/vendor/laminas/laminas-stratigility/src/Next.php(49): Flarum\Http\Middleware\AuthenticateWithSession->process(Object(Laminas\Diactoros\ServerRequest), Object(Laminas\Stratigility\Next))
#35 /home/freeper1/public_html/vendor/flarum/core/src/Http/Middleware/RememberFromCookie.php(52): Laminas\Stratigility\Next->handle(Object(Laminas\Diactoros\ServerRequest))
#36 /home/freeper1/public_html/vendor/laminas/laminas-stratigility/src/Next.php(49): Flarum\Http\Middleware\RememberFromCookie->process(Object(Laminas\Diactoros\ServerRequest), Object(Laminas\Stratigility\Next))
#37 /home/freeper1/public_html/vendor/flarum/core/src/Http/Middleware/StartSession.php(61): Laminas\Stratigility\Next->handle(Object(Laminas\Diactoros\ServerRequest))
#38 /home/freeper1/public_html/vendor/laminas/laminas-stratigility/src/Next.php(49): Flarum\Http\Middleware\StartSession->process(Object(Laminas\Diactoros\ServerRequest), Object(Laminas\Stratigility\Next))
#39 /home/freeper1/public_html/vendor/flarum/core/src/Api/Middleware/FakeHttpMethods.php(29): Laminas\Stratigility\Next->handle(Object(Laminas\Diactoros\ServerRequest))
#40 /home/freeper1/public_html/vendor/laminas/laminas-stratigility/src/Next.php(49): Flarum\Api\Middleware\FakeHttpMethods->process(Object(Laminas\Diactoros\ServerRequest), Object(Laminas\Stratigility\Next))
#41 /home/freeper1/public_html/vendor/flarum/core/src/Http/Middleware/ParseJsonBody.php(28): Laminas\Stratigility\Next->handle(Object(Laminas\Diactoros\ServerRequest))
#42 /home/freeper1/public_html/vendor/laminas/laminas-stratigility/src/Next.php(49): Flarum\Http\Middleware\ParseJsonBody->process(Object(Laminas\Diactoros\ServerRequest), Object(Laminas\Stratigility\Next))
#43 /home/freeper1/public_html/vendor/flarum/core/src/Http/Middleware/HandleErrors.php(57): Laminas\Stratigility\Next->handle(Object(Laminas\Diactoros\ServerRequest))
#44 /home/freeper1/public_html/vendor/laminas/laminas-stratigility/src/Next.php(49): Flarum\Http\Middleware\HandleErrors->process(Object(Laminas\Diactoros\ServerRequest), Object(Laminas\Stratigility\Next))
#45 /home/freeper1/public_html/vendor/flarum/core/src/Http/Middleware/InjectActorReference.php(25): Laminas\Stratigility\Next->handle(Object(Laminas\Diactoros\ServerRequest))
#46 /home/freeper1/public_html/vendor/laminas/laminas-stratigility/src/Next.php(49): Flarum\Http\Middleware\InjectActorReference->process(Object(Laminas\Diactoros\ServerRequest), Object(Laminas\Stratigility\Next))
#47 /home/freeper1/public_html/vendor/laminas/laminas-stratigility/src/MiddlewarePipe.php(75): Laminas\Stratigility\Next->handle(Object(Laminas\Diactoros\ServerRequest))
#48 /home/freeper1/public_html/vendor/middlewares/request-handler/src/RequestHandler.php(84): Laminas\Stratigility\MiddlewarePipe->process(Object(Laminas\Diactoros\ServerRequest), Object(Laminas\Stratigility\Next))
#49 /home/freeper1/public_html/vendor/laminas/laminas-stratigility/src/Next.php(49): Middlewares\RequestHandler->process(Object(Laminas\Diactoros\ServerRequest), Object(Laminas\Stratigility\Next))
#50 /home/freeper1/public_html/vendor/middlewares/base-path-router/src/BasePathRouter.php(101): Laminas\Stratigility\Next->handle(Object(Laminas\Diactoros\ServerRequest))
#51 /home/freeper1/public_html/vendor/laminas/laminas-stratigility/src/Next.php(49): Middlewares\BasePathRouter->process(Object(Laminas\Diactoros\ServerRequest), Object(Laminas\Stratigility\Next))
#52 /home/freeper1/public_html/vendor/laminas/laminas-stratigility/src/Middleware/OriginalMessages.php(36): Laminas\Stratigility\Next->handle(Object(Laminas\Diactoros\ServerRequest))
#53 /home/freeper1/public_html/vendor/laminas/laminas-stratigility/src/Next.php(49): Laminas\Stratigility\Middleware\OriginalMessages->process(Object(Laminas\Diactoros\ServerRequest), Object(Laminas\Stratigility\Next))
#54 /home/freeper1/public_html/vendor/middlewares/base-path/src/BasePath.php(73): Laminas\Stratigility\Next->handle(Object(Laminas\Diactoros\ServerRequest))
#55 /home/freeper1/public_html/vendor/laminas/laminas-stratigility/src/Next.php(49): Middlewares\BasePath->process(Object(Laminas\Diactoros\ServerRequest), Object(Laminas\Stratigility\Next))
#56 /home/freeper1/public_html/vendor/flarum/core/src/Http/Middleware/ProcessIp.php(24): Laminas\Stratigility\Next->handle(Object(Laminas\Diactoros\ServerRequest))
#57 /home/freeper1/public_html/vendor/laminas/laminas-stratigility/src/Next.php(49): Flarum\Http\Middleware\ProcessIp->process(Object(Laminas\Diactoros\ServerRequest), Object(Laminas\Stratigility\Next))
#58 /home/freeper1/public_html/vendor/laminas/laminas-stratigility/src/MiddlewarePipe.php(75): Laminas\Stratigility\Next->handle(Object(Laminas\Diactoros\ServerRequest))
#59 /home/freeper1/public_html/vendor/laminas/laminas-stratigility/src/MiddlewarePipe.php(64): Laminas\Stratigility\MiddlewarePipe->process(Object(Laminas\Diactoros\ServerRequest), Object(Laminas\Stratigility\EmptyPipelineHandler))
#60 /home/freeper1/public_html/vendor/laminas/laminas-httphandlerrunner/src/RequestHandlerRunner.php(96): Laminas\Stratigility\MiddlewarePipe->handle(Object(Laminas\Diactoros\ServerRequest))
#61 /home/freeper1/public_html/vendor/flarum/core/src/Http/Server.php(44): Laminas\HttpHandlerRunner\RequestHandlerRunner->run()
#62 /home/freeper1/public_html/index.php(26): Flarum\Http\Server->listen()
#63 {main}

Next Illuminate\Database\QueryException: SQLSTATE[23000]: Integrity constraint violation: 1062 Duplicate entry '7172-3' for key 'PRIMARY' (SQL: insert into `discussion_user` (`discussion_id`, `user_id`, `last_read_post_number`, `last_read_at`) values (3, 7172, 1, 2022-08-30 09:52:52)) in /home/freeper1/public_html/vendor/illuminate/database/Connection.php:712
Stack trace:
#0 /home/freeper1/public_html/vendor/illuminate/database/Connection.php(672): Illuminate\Database\Connection->runQueryCallback('insert into `di...', Array, Object(Closure))
#1 /home/freeper1/public_html/vendor/illuminate/database/Connection.php(502): Illuminate\Database\Connection->run('insert into `di...', Array, Object(Closure))
#2 /home/freeper1/public_html/vendor/illuminate/database/Connection.php(454): Illuminate\Database\Connection->statement('insert into `di...', Array)
#3 /home/freeper1/public_html/vendor/illuminate/database/Query/Processors/Processor.php(32): Illuminate\Database\Connection->insert('insert into `di...', Array)
#4 /home/freeper1/public_html/vendor/illuminate/database/Query/Builder.php(3028): Illuminate\Database\Query\Processors\Processor->processInsertGetId(Object(Illuminate\Database\Query\Builder), 'insert into `di...', Array, 'id')
#5 /home/freeper1/public_html/vendor/illuminate/database/Eloquent/Builder.php(1657): Illuminate\Database\Query\Builder->insertGetId(Array, 'id')
#6 /home/freeper1/public_html/vendor/illuminate/database/Eloquent/Model.php(1188): Illuminate\Database\Eloquent\Builder->__call('insertGetId', Array)
#7 /home/freeper1/public_html/vendor/illuminate/database/Eloquent/Model.php(1153): Illuminate\Database\Eloquent\Model->insertAndSetId(Object(Illuminate\Database\Eloquent\Builder), Array)
#8 /home/freeper1/public_html/vendor/illuminate/database/Eloquent/Model.php(994): Illuminate\Database\Eloquent\Model->performInsert(Object(Illuminate\Database\Eloquent\Builder))
#9 /home/freeper1/public_html/vendor/flarum/core/src/Discussion/Command/ReadDiscussionHandler.php(56): Illuminate\Database\Eloquent\Model->save()
#10 /home/freeper1/public_html/vendor/illuminate/bus/Dispatcher.php(122): Flarum\Discussion\Command\ReadDiscussionHandler->handle(Object(Flarum\Discussion\Command\ReadDiscussion))
#11 /home/freeper1/public_html/vendor/illuminate/pipeline/Pipeline.php(128): Illuminate\Bus\Dispatcher->Illuminate\Bus\{closure}(Object(Flarum\Discussion\Command\ReadDiscussion))
#12 /home/freeper1/public_html/vendor/illuminate/pipeline/Pipeline.php(103): Illuminate\Pipeline\Pipeline->Illuminate\Pipeline\{closure}(Object(Flarum\Discussion\Command\ReadDiscussion))
#13 /home/freeper1/public_html/vendor/illuminate/bus/Dispatcher.php(132): Illuminate\Pipeline\Pipeline->then(Object(Closure))
#14 /home/freeper1/public_html/vendor/illuminate/bus/Dispatcher.php(78): Illuminate\Bus\Dispatcher->dispatchNow(Object(Flarum\Discussion\Command\ReadDiscussion))
#15 /home/freeper1/public_html/vendor/flarum/core/src/Api/Controller/UpdateDiscussionController.php(59): Illuminate\Bus\Dispatcher->dispatch(Object(Flarum\Discussion\Command\ReadDiscussion))
#16 /home/freeper1/public_html/vendor/flarum/core/src/Api/Controller/AbstractSerializeController.php(115): Flarum\Api\Controller\UpdateDiscussionController->data(Object(Laminas\Diactoros\ServerRequest), Object(Tobscure\JsonApi\Document))
#17 /home/freeper1/public_html/vendor/flarum/core/src/Http/RouteHandlerFactory.php(41): Flarum\Api\Controller\AbstractSerializeController->handle(Object(Laminas\Diactoros\ServerRequest))
#18 /home/freeper1/public_html/vendor/flarum/core/src/Http/Middleware/ExecuteRoute.php(27): Flarum\Http\RouteHandlerFactory->Flarum\Http\{closure}(Object(Laminas\Diactoros\ServerRequest), Array)
#19 /home/freeper1/public_html/vendor/laminas/laminas-stratigility/src/Next.php(49): Flarum\Http\Middleware\ExecuteRoute->process(Object(Laminas\Diactoros\ServerRequest), Object(Closure))
#20 /home/freeper1/public_html/vendor/flarum/core/src/Api/Middleware/ThrottleApi.php(33): Laminas\Stratigility\Next->handle(Object(Laminas\Diactoros\ServerRequest))
#21 /home/freeper1/public_html/vendor/laminas/laminas-stratigility/src/Next.php(49): Flarum\Api\Middleware\ThrottleApi->process(Object(Laminas\Diactoros\ServerRequest), Object(Laminas\Stratigility\Next))
#22 /home/freeper1/public_html/vendor/flarum/core/src/Http/Middleware/CheckCsrfToken.php(44): Laminas\Stratigility\Next->handle(Object(Laminas\Diactoros\ServerRequest))
#23 /home/freeper1/public_html/vendor/laminas/laminas-stratigility/src/Next.php(49): Flarum\Http\Middleware\CheckCsrfToken->process(Object(Laminas\Diactoros\ServerRequest), Object(Laminas\Stratigility\Next))
#24 /home/freeper1/public_html/vendor/flarum/core/src/Http/Middleware/ResolveRoute.php(67): Laminas\Stratigility\Next->handle(Object(Laminas\Diactoros\ServerRequest))
#25 /home/freeper1/public_html/vendor/laminas/laminas-stratigility/src/Next.php(49): Flarum\Http\Middleware\ResolveRoute->process(Object(Laminas\Diactoros\ServerRequest), Object(Laminas\Stratigility\Next))
#26 /home/freeper1/public_html/vendor/flarum/core/src/Http/Middleware/SetLocale.php(51): Laminas\Stratigility\Next->handle(Object(Laminas\Diactoros\ServerRequest))
#27 /home/freeper1/public_html/vendor/laminas/laminas-stratigility/src/Next.php(49): Flarum\Http\Middleware\SetLocale->process(Object(Laminas\Diactoros\ServerRequest), Object(Laminas\Stratigility\Next))
#28 /home/freeper1/public_html/vendor/flarum/core/src/Http/Middleware/AuthenticateWithHeader.php(58): Laminas\Stratigility\Next->handle(Object(Laminas\Diactoros\ServerRequest))
#29 /home/freeper1/public_html/vendor/laminas/laminas-stratigility/src/Next.php(49): Flarum\Http\Middleware\AuthenticateWithHeader->process(Object(Laminas\Diactoros\ServerRequest), Object(Laminas\Stratigility\Next))
#30 /home/freeper1/public_html/vendor/flarum/core/src/Http/Middleware/AuthenticateWithSession.php(31): Laminas\Stratigility\Next->handle(Object(Laminas\Diactoros\ServerRequest))
#31 /home/freeper1/public_html/vendor/laminas/laminas-stratigility/src/Next.php(49): Flarum\Http\Middleware\AuthenticateWithSession->process(Object(Laminas\Diactoros\ServerRequest), Object(Laminas\Stratigility\Next))
#32 /home/freeper1/public_html/vendor/flarum/core/src/Http/Middleware/RememberFromCookie.php(52): Laminas\Stratigility\Next->handle(Object(Laminas\Diactoros\ServerRequest))
#33 /home/freeper1/public_html/vendor/laminas/laminas-stratigility/src/Next.php(49): Flarum\Http\Middleware\RememberFromCookie->process(Object(Laminas\Diactoros\ServerRequest), Object(Laminas\Stratigility\Next))
#34 /home/freeper1/public_html/vendor/flarum/core/src/Http/Middleware/StartSession.php(61): Laminas\Stratigility\Next->handle(Object(Laminas\Diactoros\ServerRequest))
#35 /home/freeper1/public_html/vendor/laminas/laminas-stratigility/src/Next.php(49): Flarum\Http\Middleware\StartSession->process(Object(Laminas\Diactoros\ServerRequest), Object(Laminas\Stratigility\Next))
#36 /home/freeper1/public_html/vendor/flarum/core/src/Api/Middleware/FakeHttpMethods.php(29): Laminas\Stratigility\Next->handle(Object(Laminas\Diactoros\ServerRequest))
#37 /home/freeper1/public_html/vendor/laminas/laminas-stratigility/src/Next.php(49): Flarum\Api\Middleware\FakeHttpMethods->process(Object(Laminas\Diactoros\ServerRequest), Object(Laminas\Stratigility\Next))
#38 /home/freeper1/public_html/vendor/flarum/core/src/Http/Middleware/ParseJsonBody.php(28): Laminas\Stratigility\Next->handle(Object(Laminas\Diactoros\ServerRequest))
#39 /home/freeper1/public_html/vendor/laminas/laminas-stratigility/src/Next.php(49): Flarum\Http\Middleware\ParseJsonBody->process(Object(Laminas\Diactoros\ServerRequest), Object(Laminas\Stratigility\Next))
#40 /home/freeper1/public_html/vendor/flarum/core/src/Http/Middleware/HandleErrors.php(57): Laminas\Stratigility\Next->handle(Object(Laminas\Diactoros\ServerRequest))
#41 /home/freeper1/public_html/vendor/laminas/laminas-stratigility/src/Next.php(49): Flarum\Http\Middleware\HandleErrors->process(Object(Laminas\Diactoros\ServerRequest), Object(Laminas\Stratigility\Next))
#42 /home/freeper1/public_html/vendor/flarum/core/src/Http/Middleware/InjectActorReference.php(25): Laminas\Stratigility\Next->handle(Object(Laminas\Diactoros\ServerRequest))
#43 /home/freeper1/public_html/vendor/laminas/laminas-stratigility/src/Next.php(49): Flarum\Http\Middleware\InjectActorReference->process(Object(Laminas\Diactoros\ServerRequest), Object(Laminas\Stratigility\Next))
#44 /home/freeper1/public_html/vendor/laminas/laminas-stratigility/src/MiddlewarePipe.php(75): Laminas\Stratigility\Next->handle(Object(Laminas\Diactoros\ServerRequest))
#45 /home/freeper1/public_html/vendor/middlewares/request-handler/src/RequestHandler.php(84): Laminas\Stratigility\MiddlewarePipe->process(Object(Laminas\Diactoros\ServerRequest), Object(Laminas\Stratigility\Next))
#46 /home/freeper1/public_html/vendor/laminas/laminas-stratigility/src/Next.php(49): Middlewares\RequestHandler->process(Object(Laminas\Diactoros\ServerRequest), Object(Laminas\Stratigility\Next))
#47 /home/freeper1/public_html/vendor/middlewares/base-path-router/src/BasePathRouter.php(101): Laminas\Stratigility\Next->handle(Object(Laminas\Diactoros\ServerRequest))
#48 /home/freeper1/public_html/vendor/laminas/laminas-stratigility/src/Next.php(49): Middlewares\BasePathRouter->process(Object(Laminas\Diactoros\ServerRequest), Object(Laminas\Stratigility\Next))
#49 /home/freeper1/public_html/vendor/laminas/laminas-stratigility/src/Middleware/OriginalMessages.php(36): Laminas\Stratigility\Next->handle(Object(Laminas\Diactoros\ServerRequest))
#50 /home/freeper1/public_html/vendor/laminas/laminas-stratigility/src/Next.php(49): Laminas\Stratigility\Middleware\OriginalMessages->process(Object(Laminas\Diactoros\ServerRequest), Object(Laminas\Stratigility\Next))
#51 /home/freeper1/public_html/vendor/middlewares/base-path/src/BasePath.php(73): Laminas\Stratigility\Next->handle(Object(Laminas\Diactoros\ServerRequest))
#52 /home/freeper1/public_html/vendor/laminas/laminas-stratigility/src/Next.php(49): Middlewares\BasePath->process(Object(Laminas\Diactoros\ServerRequest), Object(Laminas\Stratigility\Next))
#53 /home/freeper1/public_html/vendor/flarum/core/src/Http/Middleware/ProcessIp.php(24): Laminas\Stratigility\Next->handle(Object(Laminas\Diactoros\ServerRequest))
#54 /home/freeper1/public_html/vendor/laminas/laminas-stratigility/src/Next.php(49): Flarum\Http\Middleware\ProcessIp->process(Object(Laminas\Diactoros\ServerRequest), Object(Laminas\Stratigility\Next))
#55 /home/freeper1/public_html/vendor/laminas/laminas-stratigility/src/MiddlewarePipe.php(75): Laminas\Stratigility\Next->handle(Object(Laminas\Diactoros\ServerRequest))
#56 /home/freeper1/public_html/vendor/laminas/laminas-stratigility/src/MiddlewarePipe.php(64): Laminas\Stratigility\MiddlewarePipe->process(Object(Laminas\Diactoros\ServerRequest), Object(Laminas\Stratigility\EmptyPipelineHandler))
#57 /home/freeper1/public_html/vendor/laminas/laminas-httphandlerrunner/src/RequestHandlerRunner.php(96): Laminas\Stratigility\MiddlewarePipe->handle(Object(Laminas\Diactoros\ServerRequest))
#58 /home/freeper1/public_html/vendor/flarum/core/src/Http/Server.php(44): Laminas\HttpHandlerRunner\RequestHandlerRunner->run()
#59 /home/freeper1/public_html/index.php(26): Flarum\Http\Server->listen()
#60 {main}  
