[2022-09-04 09:53:05] flarum.ERROR: Swift_TransportException: Expected response code 354 but got code "503", with message "503-All RCPT commands were rejected with this error:
503-The mail server could not deliver mail to nobleman01642@gmail.con.  The
503-account or domain may not exist, they may be blacklisted, or missing the
503-proper dns entries.
503 Valid RCPT command must precede DATA
" in /home/freeper1/public_html/vendor/swiftmailer/swiftmailer/lib/classes/Swift/Transport/AbstractSmtpTransport.php:459
Stack trace:
#0 /home/freeper1/public_html/vendor/swiftmailer/swiftmailer/lib/classes/Swift/Transport/AbstractSmtpTransport.php(344): Swift_Transport_AbstractSmtpTransport->assertResponseCode('503-All RCPT co...', Array)
#1 /home/freeper1/public_html/vendor/swiftmailer/swiftmailer/lib/classes/Swift/Transport/EsmtpTransport.php(305): Swift_Transport_AbstractSmtpTransport->executeCommand('DATA\r\n', Array, Array, false, NULL)
#2 /home/freeper1/public_html/vendor/swiftmailer/swiftmailer/lib/classes/Swift/Transport/AbstractSmtpTransport.php(392): Swift_Transport_EsmtpTransport->executeCommand('DATA\r\n', Array, Array)
#3 /home/freeper1/public_html/vendor/swiftmailer/swiftmailer/lib/classes/Swift/Transport/AbstractSmtpTransport.php(499): Swift_Transport_AbstractSmtpTransport->doDataCommand(Array)
#4 /home/freeper1/public_html/vendor/swiftmailer/swiftmailer/lib/classes/Swift/Transport/AbstractSmtpTransport.php(518): Swift_Transport_AbstractSmtpTransport->doMailTransaction(Object(Swift_Message), 'noreply@freeper...', Array, Array)
#5 /home/freeper1/public_html/vendor/swiftmailer/swiftmailer/lib/classes/Swift/Transport/AbstractSmtpTransport.php(206): Swift_Transport_AbstractSmtpTransport->sendTo(Object(Swift_Message), 'noreply@freeper...', Array, Array)
#6 /home/freeper1/public_html/vendor/swiftmailer/swiftmailer/lib/classes/Swift/Mailer.php(71): Swift_Transport_AbstractSmtpTransport->send(Object(Swift_Message), Array)
#7 /home/freeper1/public_html/vendor/illuminate/mail/Mailer.php(521): Swift_Mailer->send(Object(Swift_Message), Array)
#8 /home/freeper1/public_html/vendor/illuminate/mail/Mailer.php(288): Illuminate\Mail\Mailer->sendSwiftMessage(Object(Swift_Message))
#9 /home/freeper1/public_html/vendor/clarkwinkelmann/flarum-ext-mailing/src/Jobs/SendMail.php(32): Illuminate\Mail\Mailer->send(NULL, Array, Object(Closure))
#10 /home/freeper1/public_html/vendor/illuminate/container/BoundMethod.php(36): ClarkWinkelmann\Mailing\Jobs\SendMail->handle(Object(Flarum\Settings\DefaultSettingsRepository), Object(Illuminate\Mail\Mailer), Object(Flarum\Locale\Translator))
#11 /home/freeper1/public_html/vendor/illuminate/container/Util.php(40): Illuminate\Container\BoundMethod::Illuminate\Container\{closure}()
#12 /home/freeper1/public_html/vendor/illuminate/container/BoundMethod.php(93): Illuminate\Container\Util::unwrapIfClosure(Object(Closure))
#13 /home/freeper1/public_html/vendor/illuminate/container/BoundMethod.php(37): Illuminate\Container\BoundMethod::callBoundMethod(Object(Illuminate\Container\Container), Array, Object(Closure))
#14 /home/freeper1/public_html/vendor/illuminate/container/Container.php(653): Illuminate\Container\BoundMethod::call(Object(Illuminate\Container\Container), Array, Array, NULL)
#15 /home/freeper1/public_html/vendor/illuminate/bus/Dispatcher.php(128): Illuminate\Container\Container->call(Array)
#16 /home/freeper1/public_html/vendor/illuminate/pipeline/Pipeline.php(128): Illuminate\Bus\Dispatcher->Illuminate\Bus\{closure}(Object(ClarkWinkelmann\Mailing\Jobs\SendMail))
#17 /home/freeper1/public_html/vendor/illuminate/pipeline/Pipeline.php(103): Illuminate\Pipeline\Pipeline->Illuminate\Pipeline\{closure}(Object(ClarkWinkelmann\Mailing\Jobs\SendMail))
#18 /home/freeper1/public_html/vendor/illuminate/bus/Dispatcher.php(132): Illuminate\Pipeline\Pipeline->then(Object(Closure))
#19 /home/freeper1/public_html/vendor/illuminate/queue/CallQueuedHandler.php(120): Illuminate\Bus\Dispatcher->dispatchNow(Object(ClarkWinkelmann\Mailing\Jobs\SendMail), false)
#20 /home/freeper1/public_html/vendor/illuminate/pipeline/Pipeline.php(128): Illuminate\Queue\CallQueuedHandler->Illuminate\Queue\{closure}(Object(ClarkWinkelmann\Mailing\Jobs\SendMail))
#21 /home/freeper1/public_html/vendor/illuminate/pipeline/Pipeline.php(103): Illuminate\Pipeline\Pipeline->Illuminate\Pipeline\{closure}(Object(ClarkWinkelmann\Mailing\Jobs\SendMail))
#22 /home/freeper1/public_html/vendor/illuminate/queue/CallQueuedHandler.php(122): Illuminate\Pipeline\Pipeline->then(Object(Closure))
#23 /home/freeper1/public_html/vendor/illuminate/queue/CallQueuedHandler.php(70): Illuminate\Queue\CallQueuedHandler->dispatchThroughMiddleware(Object(Illuminate\Queue\Jobs\SyncJob), Object(ClarkWinkelmann\Mailing\Jobs\SendMail))
#24 /home/freeper1/public_html/vendor/illuminate/queue/Jobs/Job.php(98): Illuminate\Queue\CallQueuedHandler->call(Object(Illuminate\Queue\Jobs\SyncJob), Array)
#25 /home/freeper1/public_html/vendor/illuminate/queue/SyncQueue.php(43): Illuminate\Queue\Jobs\Job->fire()
#26 /home/freeper1/public_html/vendor/clarkwinkelmann/flarum-ext-mailing/src/Controllers/SendAdminEmailController.php(76): Illuminate\Queue\SyncQueue->push(Object(ClarkWinkelmann\Mailing\Jobs\SendMail))
#27 /home/freeper1/public_html/vendor/illuminate/database/Concerns/BuildsQueries.php(51): ClarkWinkelmann\Mailing\Controllers\SendAdminEmailController->ClarkWinkelmann\Mailing\Controllers\{closure}(Object(Illuminate\Database\Eloquent\Collection), 127)
#28 /home/freeper1/public_html/vendor/clarkwinkelmann/flarum-ext-mailing/src/Controllers/SendAdminEmailController.php(80): Illuminate\Database\Eloquent\Builder->chunk(50, Object(Closure))
#29 /home/freeper1/public_html/vendor/flarum/core/src/Http/RouteHandlerFactory.php(41): ClarkWinkelmann\Mailing\Controllers\SendAdminEmailController->handle(Object(Laminas\Diactoros\ServerRequest))
#30 /home/freeper1/public_html/vendor/flarum/core/src/Http/Middleware/ExecuteRoute.php(27): Flarum\Http\RouteHandlerFactory->Flarum\Http\{closure}(Object(Laminas\Diactoros\ServerRequest), Array)
#31 /home/freeper1/public_html/vendor/laminas/laminas-stratigility/src/Next.php(49): Flarum\Http\Middleware\ExecuteRoute->process(Object(Laminas\Diactoros\ServerRequest), Object(Closure))
#32 /home/freeper1/public_html/vendor/flarum/core/src/Api/Middleware/ThrottleApi.php(33): Laminas\Stratigility\Next->handle(Object(Laminas\Diactoros\ServerRequest))
#33 /home/freeper1/public_html/vendor/laminas/laminas-stratigility/src/Next.php(49): Flarum\Api\Middleware\ThrottleApi->process(Object(Laminas\Diactoros\ServerRequest), Object(Laminas\Stratigility\Next))
#34 /home/freeper1/public_html/vendor/flarum/core/src/Http/Middleware/CheckCsrfToken.php(44): Laminas\Stratigility\Next->handle(Object(Laminas\Diactoros\ServerRequest))
#35 /home/freeper1/public_html/vendor/laminas/laminas-stratigility/src/Next.php(49): Flarum\Http\Middleware\CheckCsrfToken->process(Object(Laminas\Diactoros\ServerRequest), Object(Laminas\Stratigility\Next))
#36 /home/freeper1/public_html/vendor/flarum/core/src/Http/Middleware/ResolveRoute.php(67): Laminas\Stratigility\Next->handle(Object(Laminas\Diactoros\ServerRequest))
#37 /home/freeper1/public_html/vendor/laminas/laminas-stratigility/src/Next.php(49): Flarum\Http\Middleware\ResolveRoute->process(Object(Laminas\Diactoros\ServerRequest), Object(Laminas\Stratigility\Next))
#38 /home/freeper1/public_html/vendor/flarum/core/src/Http/Middleware/SetLocale.php(51): Laminas\Stratigility\Next->handle(Object(Laminas\Diactoros\ServerRequest))
#39 /home/freeper1/public_html/vendor/laminas/laminas-stratigility/src/Next.php(49): Flarum\Http\Middleware\SetLocale->process(Object(Laminas\Diactoros\ServerRequest), Object(Laminas\Stratigility\Next))
#40 /home/freeper1/public_html/vendor/flarum/core/src/Http/Middleware/AuthenticateWithHeader.php(58): Laminas\Stratigility\Next->handle(Object(Laminas\Diactoros\ServerRequest))
#41 /home/freeper1/public_html/vendor/laminas/laminas-stratigility/src/Next.php(49): Flarum\Http\Middleware\AuthenticateWithHeader->process(Object(Laminas\Diactoros\ServerRequest), Object(Laminas\Stratigility\Next))
#42 /home/freeper1/public_html/vendor/flarum/core/src/Http/Middleware/AuthenticateWithSession.php(31): Laminas\Stratigility\Next->handle(Object(Laminas\Diactoros\ServerRequest))
#43 /home/freeper1/public_html/vendor/laminas/laminas-stratigility/src/Next.php(49): Flarum\Http\Middleware\AuthenticateWithSession->process(Object(Laminas\Diactoros\ServerRequest), Object(Laminas\Stratigility\Next))
#44 /home/freeper1/public_html/vendor/flarum/core/src/Http/Middleware/RememberFromCookie.php(52): Laminas\Stratigility\Next->handle(Object(Laminas\Diactoros\ServerRequest))
#45 /home/freeper1/public_html/vendor/laminas/laminas-stratigility/src/Next.php(49): Flarum\Http\Middleware\RememberFromCookie->process(Object(Laminas\Diactoros\ServerRequest), Object(Laminas\Stratigility\Next))
#46 /home/freeper1/public_html/vendor/flarum/core/src/Http/Middleware/StartSession.php(61): Laminas\Stratigility\Next->handle(Object(Laminas\Diactoros\ServerRequest))
#47 /home/freeper1/public_html/vendor/laminas/laminas-stratigility/src/Next.php(49): Flarum\Http\Middleware\StartSession->process(Object(Laminas\Diactoros\ServerRequest), Object(Laminas\Stratigility\Next))
#48 /home/freeper1/public_html/vendor/flarum/core/src/Api/Middleware/FakeHttpMethods.php(29): Laminas\Stratigility\Next->handle(Object(Laminas\Diactoros\ServerRequest))
#49 /home/freeper1/public_html/vendor/laminas/laminas-stratigility/src/Next.php(49): Flarum\Api\Middleware\FakeHttpMethods->process(Object(Laminas\Diactoros\ServerRequest), Object(Laminas\Stratigility\Next))
#50 /home/freeper1/public_html/vendor/flarum/core/src/Http/Middleware/ParseJsonBody.php(28): Laminas\Stratigility\Next->handle(Object(Laminas\Diactoros\ServerRequest))
#51 /home/freeper1/public_html/vendor/laminas/laminas-stratigility/src/Next.php(49): Flarum\Http\Middleware\ParseJsonBody->process(Object(Laminas\Diactoros\ServerRequest), Object(Laminas\Stratigility\Next))
#52 /home/freeper1/public_html/vendor/flarum/core/src/Http/Middleware/HandleErrors.php(57): Laminas\Stratigility\Next->handle(Object(Laminas\Diactoros\ServerRequest))
#53 /home/freeper1/public_html/vendor/laminas/laminas-stratigility/src/Next.php(49): Flarum\Http\Middleware\HandleErrors->process(Object(Laminas\Diactoros\ServerRequest), Object(Laminas\Stratigility\Next))
#54 /home/freeper1/public_html/vendor/flarum/core/src/Http/Middleware/InjectActorReference.php(25): Laminas\Stratigility\Next->handle(Object(Laminas\Diactoros\ServerRequest))
#55 /home/freeper1/public_html/vendor/laminas/laminas-stratigility/src/Next.php(49): Flarum\Http\Middleware\InjectActorReference->process(Object(Laminas\Diactoros\ServerRequest), Object(Laminas\Stratigility\Next))
#56 /home/freeper1/public_html/vendor/laminas/laminas-stratigility/src/MiddlewarePipe.php(75): Laminas\Stratigility\Next->handle(Object(Laminas\Diactoros\ServerRequest))
#57 /home/freeper1/public_html/vendor/middlewares/request-handler/src/RequestHandler.php(84): Laminas\Stratigility\MiddlewarePipe->process(Object(Laminas\Diactoros\ServerRequest), Object(Laminas\Stratigility\Next))
#58 /home/freeper1/public_html/vendor/laminas/laminas-stratigility/src/Next.php(49): Middlewares\RequestHandler->process(Object(Laminas\Diactoros\ServerRequest), Object(Laminas\Stratigility\Next))
#59 /home/freeper1/public_html/vendor/middlewares/base-path-router/src/BasePathRouter.php(101): Laminas\Stratigility\Next->handle(Object(Laminas\Diactoros\ServerRequest))
#60 /home/freeper1/public_html/vendor/laminas/laminas-stratigility/src/Next.php(49): Middlewares\BasePathRouter->process(Object(Laminas\Diactoros\ServerRequest), Object(Laminas\Stratigility\Next))
#61 /home/freeper1/public_html/vendor/laminas/laminas-stratigility/src/Middleware/OriginalMessages.php(36): Laminas\Stratigility\Next->handle(Object(Laminas\Diactoros\ServerRequest))
#62 /home/freeper1/public_html/vendor/laminas/laminas-stratigility/src/Next.php(49): Laminas\Stratigility\Middleware\OriginalMessages->process(Object(Laminas\Diactoros\ServerRequest), Object(Laminas\Stratigility\Next))
#63 /home/freeper1/public_html/vendor/middlewares/base-path/src/BasePath.php(73): Laminas\Stratigility\Next->handle(Object(Laminas\Diactoros\ServerRequest))
#64 /home/freeper1/public_html/vendor/laminas/laminas-stratigility/src/Next.php(49): Middlewares\BasePath->process(Object(Laminas\Diactoros\ServerRequest), Object(Laminas\Stratigility\Next))
#65 /home/freeper1/public_html/vendor/flarum/core/src/Http/Middleware/ProcessIp.php(24): Laminas\Stratigility\Next->handle(Object(Laminas\Diactoros\ServerRequest))
#66 /home/freeper1/public_html/vendor/laminas/laminas-stratigility/src/Next.php(49): Flarum\Http\Middleware\ProcessIp->process(Object(Laminas\Diactoros\ServerRequest), Object(Laminas\Stratigility\Next))
#67 /home/freeper1/public_html/vendor/laminas/laminas-stratigility/src/MiddlewarePipe.php(75): Laminas\Stratigility\Next->handle(Object(Laminas\Diactoros\ServerRequest))
#68 /home/freeper1/public_html/vendor/laminas/laminas-stratigility/src/MiddlewarePipe.php(64): Laminas\Stratigility\MiddlewarePipe->process(Object(Laminas\Diactoros\ServerRequest), Object(Laminas\Stratigility\EmptyPipelineHandler))
#69 /home/freeper1/public_html/vendor/laminas/laminas-httphandlerrunner/src/RequestHandlerRunner.php(96): Laminas\Stratigility\MiddlewarePipe->handle(Object(Laminas\Diactoros\ServerRequest))
#70 /home/freeper1/public_html/vendor/flarum/core/src/Http/Server.php(44): Laminas\HttpHandlerRunner\RequestHandlerRunner->run()
#71 /home/freeper1/public_html/index.php(26): Flarum\Http\Server->listen()
#72 {main}  
[2022-09-04 09:53:05] flarum.ERROR: Swift_TransportException: Expected response code 354 but got code "503", with message "503-All RCPT commands were rejected with this error:
503-The mail server could not deliver mail to nobleman01642@gmail.con.  The
503-account or domain may not exist, they may be blacklisted, or missing the
503-proper dns entries.
503 Valid RCPT command must precede DATA
" in /home/freeper1/public_html/vendor/swiftmailer/swiftmailer/lib/classes/Swift/Transport/AbstractSmtpTransport.php:459
Stack trace:
#0 /home/freeper1/public_html/vendor/swiftmailer/swiftmailer/lib/classes/Swift/Transport/AbstractSmtpTransport.php(344): Swift_Transport_AbstractSmtpTransport->assertResponseCode('503-All RCPT co...', Array)
#1 /home/freeper1/public_html/vendor/swiftmailer/swiftmailer/lib/classes/Swift/Transport/EsmtpTransport.php(305): Swift_Transport_AbstractSmtpTransport->executeCommand('DATA\r\n', Array, Array, false, NULL)
#2 /home/freeper1/public_html/vendor/swiftmailer/swiftmailer/lib/classes/Swift/Transport/AbstractSmtpTransport.php(392): Swift_Transport_EsmtpTransport->executeCommand('DATA\r\n', Array, Array)
#3 /home/freeper1/public_html/vendor/swiftmailer/swiftmailer/lib/classes/Swift/Transport/AbstractSmtpTransport.php(499): Swift_Transport_AbstractSmtpTransport->doDataCommand(Array)
#4 /home/freeper1/public_html/vendor/swiftmailer/swiftmailer/lib/classes/Swift/Transport/AbstractSmtpTransport.php(518): Swift_Transport_AbstractSmtpTransport->doMailTransaction(Object(Swift_Message), 'noreply@freeper...', Array, Array)
#5 /home/freeper1/public_html/vendor/swiftmailer/swiftmailer/lib/classes/Swift/Transport/AbstractSmtpTransport.php(206): Swift_Transport_AbstractSmtpTransport->sendTo(Object(Swift_Message), 'noreply@freeper...', Array, Array)
#6 /home/freeper1/public_html/vendor/swiftmailer/swiftmailer/lib/classes/Swift/Mailer.php(71): Swift_Transport_AbstractSmtpTransport->send(Object(Swift_Message), Array)
#7 /home/freeper1/public_html/vendor/illuminate/mail/Mailer.php(521): Swift_Mailer->send(Object(Swift_Message), Array)
#8 /home/freeper1/public_html/vendor/illuminate/mail/Mailer.php(288): Illuminate\Mail\Mailer->sendSwiftMessage(Object(Swift_Message))
#9 /home/freeper1/public_html/vendor/clarkwinkelmann/flarum-ext-mailing/src/Jobs/SendMail.php(32): Illuminate\Mail\Mailer->send(NULL, Array, Object(Closure))
#10 /home/freeper1/public_html/vendor/illuminate/container/BoundMethod.php(36): ClarkWinkelmann\Mailing\Jobs\SendMail->handle(Object(Flarum\Settings\DefaultSettingsRepository), Object(Illuminate\Mail\Mailer), Object(Flarum\Locale\Translator))
#11 /home/freeper1/public_html/vendor/illuminate/container/Util.php(40): Illuminate\Container\BoundMethod::Illuminate\Container\{closure}()
#12 /home/freeper1/public_html/vendor/illuminate/container/BoundMethod.php(93): Illuminate\Container\Util::unwrapIfClosure(Object(Closure))
#13 /home/freeper1/public_html/vendor/illuminate/container/BoundMethod.php(37): Illuminate\Container\BoundMethod::callBoundMethod(Object(Illuminate\Container\Container), Array, Object(Closure))
#14 /home/freeper1/public_html/vendor/illuminate/container/Container.php(653): Illuminate\Container\BoundMethod::call(Object(Illuminate\Container\Container), Array, Array, NULL)
#15 /home/freeper1/public_html/vendor/illuminate/bus/Dispatcher.php(128): Illuminate\Container\Container->call(Array)
#16 /home/freeper1/public_html/vendor/illuminate/pipeline/Pipeline.php(128): Illuminate\Bus\Dispatcher->Illuminate\Bus\{closure}(Object(ClarkWinkelmann\Mailing\Jobs\SendMail))
#17 /home/freeper1/public_html/vendor/illuminate/pipeline/Pipeline.php(103): Illuminate\Pipeline\Pipeline->Illuminate\Pipeline\{closure}(Object(ClarkWinkelmann\Mailing\Jobs\SendMail))
#18 /home/freeper1/public_html/vendor/illuminate/bus/Dispatcher.php(132): Illuminate\Pipeline\Pipeline->then(Object(Closure))
#19 /home/freeper1/public_html/vendor/illuminate/queue/CallQueuedHandler.php(120): Illuminate\Bus\Dispatcher->dispatchNow(Object(ClarkWinkelmann\Mailing\Jobs\SendMail), false)
#20 /home/freeper1/public_html/vendor/illuminate/pipeline/Pipeline.php(128): Illuminate\Queue\CallQueuedHandler->Illuminate\Queue\{closure}(Object(ClarkWinkelmann\Mailing\Jobs\SendMail))
#21 /home/freeper1/public_html/vendor/illuminate/pipeline/Pipeline.php(103): Illuminate\Pipeline\Pipeline->Illuminate\Pipeline\{closure}(Object(ClarkWinkelmann\Mailing\Jobs\SendMail))
#22 /home/freeper1/public_html/vendor/illuminate/queue/CallQueuedHandler.php(122): Illuminate\Pipeline\Pipeline->then(Object(Closure))
#23 /home/freeper1/public_html/vendor/illuminate/queue/CallQueuedHandler.php(70): Illuminate\Queue\CallQueuedHandler->dispatchThroughMiddleware(Object(Illuminate\Queue\Jobs\SyncJob), Object(ClarkWinkelmann\Mailing\Jobs\SendMail))
#24 /home/freeper1/public_html/vendor/illuminate/queue/Jobs/Job.php(98): Illuminate\Queue\CallQueuedHandler->call(Object(Illuminate\Queue\Jobs\SyncJob), Array)
#25 /home/freeper1/public_html/vendor/illuminate/queue/SyncQueue.php(43): Illuminate\Queue\Jobs\Job->fire()
#26 /home/freeper1/public_html/vendor/clarkwinkelmann/flarum-ext-mailing/src/Controllers/SendAdminEmailController.php(76): Illuminate\Queue\SyncQueue->push(Object(ClarkWinkelmann\Mailing\Jobs\SendMail))
#27 /home/freeper1/public_html/vendor/illuminate/database/Concerns/BuildsQueries.php(51): ClarkWinkelmann\Mailing\Controllers\SendAdminEmailController->ClarkWinkelmann\Mailing\Controllers\{closure}(Object(Illuminate\Database\Eloquent\Collection), 127)
#28 /home/freeper1/public_html/vendor/clarkwinkelmann/flarum-ext-mailing/src/Controllers/SendAdminEmailController.php(80): Illuminate\Database\Eloquent\Builder->chunk(50, Object(Closure))
#29 /home/freeper1/public_html/vendor/flarum/core/src/Http/RouteHandlerFactory.php(41): ClarkWinkelmann\Mailing\Controllers\SendAdminEmailController->handle(Object(Laminas\Diactoros\ServerRequest))
#30 /home/freeper1/public_html/vendor/flarum/core/src/Http/Middleware/ExecuteRoute.php(27): Flarum\Http\RouteHandlerFactory->Flarum\Http\{closure}(Object(Laminas\Diactoros\ServerRequest), Array)
#31 /home/freeper1/public_html/vendor/laminas/laminas-stratigility/src/Next.php(49): Flarum\Http\Middleware\ExecuteRoute->process(Object(Laminas\Diactoros\ServerRequest), Object(Closure))
#32 /home/freeper1/public_html/vendor/flarum/core/src/Api/Middleware/ThrottleApi.php(33): Laminas\Stratigility\Next->handle(Object(Laminas\Diactoros\ServerRequest))
#33 /home/freeper1/public_html/vendor/laminas/laminas-stratigility/src/Next.php(49): Flarum\Api\Middleware\ThrottleApi->process(Object(Laminas\Diactoros\ServerRequest), Object(Laminas\Stratigility\Next))
#34 /home/freeper1/public_html/vendor/flarum/core/src/Http/Middleware/CheckCsrfToken.php(44): Laminas\Stratigility\Next->handle(Object(Laminas\Diactoros\ServerRequest))
#35 /home/freeper1/public_html/vendor/laminas/laminas-stratigility/src/Next.php(49): Flarum\Http\Middleware\CheckCsrfToken->process(Object(Laminas\Diactoros\ServerRequest), Object(Laminas\Stratigility\Next))
#36 /home/freeper1/public_html/vendor/flarum/core/src/Http/Middleware/ResolveRoute.php(67): Laminas\Stratigility\Next->handle(Object(Laminas\Diactoros\ServerRequest))
#37 /home/freeper1/public_html/vendor/laminas/laminas-stratigility/src/Next.php(49): Flarum\Http\Middleware\ResolveRoute->process(Object(Laminas\Diactoros\ServerRequest), Object(Laminas\Stratigility\Next))
#38 /home/freeper1/public_html/vendor/flarum/core/src/Http/Middleware/SetLocale.php(51): Laminas\Stratigility\Next->handle(Object(Laminas\Diactoros\ServerRequest))
#39 /home/freeper1/public_html/vendor/laminas/laminas-stratigility/src/Next.php(49): Flarum\Http\Middleware\SetLocale->process(Object(Laminas\Diactoros\ServerRequest), Object(Laminas\Stratigility\Next))
#40 /home/freeper1/public_html/vendor/flarum/core/src/Http/Middleware/AuthenticateWithHeader.php(58): Laminas\Stratigility\Next->handle(Object(Laminas\Diactoros\ServerRequest))
#41 /home/freeper1/public_html/vendor/laminas/laminas-stratigility/src/Next.php(49): Flarum\Http\Middleware\AuthenticateWithHeader->process(Object(Laminas\Diactoros\ServerRequest), Object(Laminas\Stratigility\Next))
#42 /home/freeper1/public_html/vendor/flarum/core/src/Http/Middleware/AuthenticateWithSession.php(31): Laminas\Stratigility\Next->handle(Object(Laminas\Diactoros\ServerRequest))
#43 /home/freeper1/public_html/vendor/laminas/laminas-stratigility/src/Next.php(49): Flarum\Http\Middleware\AuthenticateWithSession->process(Object(Laminas\Diactoros\ServerRequest), Object(Laminas\Stratigility\Next))
#44 /home/freeper1/public_html/vendor/flarum/core/src/Http/Middleware/RememberFromCookie.php(52): Laminas\Stratigility\Next->handle(Object(Laminas\Diactoros\ServerRequest))
#45 /home/freeper1/public_html/vendor/laminas/laminas-stratigility/src/Next.php(49): Flarum\Http\Middleware\RememberFromCookie->process(Object(Laminas\Diactoros\ServerRequest), Object(Laminas\Stratigility\Next))
#46 /home/freeper1/public_html/vendor/flarum/core/src/Http/Middleware/StartSession.php(61): Laminas\Stratigility\Next->handle(Object(Laminas\Diactoros\ServerRequest))
#47 /home/freeper1/public_html/vendor/laminas/laminas-stratigility/src/Next.php(49): Flarum\Http\Middleware\StartSession->process(Object(Laminas\Diactoros\ServerRequest), Object(Laminas\Stratigility\Next))
#48 /home/freeper1/public_html/vendor/flarum/core/src/Api/Middleware/FakeHttpMethods.php(29): Laminas\Stratigility\Next->handle(Object(Laminas\Diactoros\ServerRequest))
#49 /home/freeper1/public_html/vendor/laminas/laminas-stratigility/src/Next.php(49): Flarum\Api\Middleware\FakeHttpMethods->process(Object(Laminas\Diactoros\ServerRequest), Object(Laminas\Stratigility\Next))
#50 /home/freeper1/public_html/vendor/flarum/core/src/Http/Middleware/ParseJsonBody.php(28): Laminas\Stratigility\Next->handle(Object(Laminas\Diactoros\ServerRequest))
#51 /home/freeper1/public_html/vendor/laminas/laminas-stratigility/src/Next.php(49): Flarum\Http\Middleware\ParseJsonBody->process(Object(Laminas\Diactoros\ServerRequest), Object(Laminas\Stratigility\Next))
#52 /home/freeper1/public_html/vendor/flarum/core/src/Http/Middleware/HandleErrors.php(57): Laminas\Stratigility\Next->handle(Object(Laminas\Diactoros\ServerRequest))
#53 /home/freeper1/public_html/vendor/laminas/laminas-stratigility/src/Next.php(49): Flarum\Http\Middleware\HandleErrors->process(Object(Laminas\Diactoros\ServerRequest), Object(Laminas\Stratigility\Next))
#54 /home/freeper1/public_html/vendor/flarum/core/src/Http/Middleware/InjectActorReference.php(25): Laminas\Stratigility\Next->handle(Object(Laminas\Diactoros\ServerRequest))
#55 /home/freeper1/public_html/vendor/laminas/laminas-stratigility/src/Next.php(49): Flarum\Http\Middleware\InjectActorReference->process(Object(Laminas\Diactoros\ServerRequest), Object(Laminas\Stratigility\Next))
#56 /home/freeper1/public_html/vendor/laminas/laminas-stratigility/src/MiddlewarePipe.php(75): Laminas\Stratigility\Next->handle(Object(Laminas\Diactoros\ServerRequest))
#57 /home/freeper1/public_html/vendor/middlewares/request-handler/src/RequestHandler.php(84): Laminas\Stratigility\MiddlewarePipe->process(Object(Laminas\Diactoros\ServerRequest), Object(Laminas\Stratigility\Next))
#58 /home/freeper1/public_html/vendor/laminas/laminas-stratigility/src/Next.php(49): Middlewares\RequestHandler->process(Object(Laminas\Diactoros\ServerRequest), Object(Laminas\Stratigility\Next))
#59 /home/freeper1/public_html/vendor/middlewares/base-path-router/src/BasePathRouter.php(101): Laminas\Stratigility\Next->handle(Object(Laminas\Diactoros\ServerRequest))
#60 /home/freeper1/public_html/vendor/laminas/laminas-stratigility/src/Next.php(49): Middlewares\BasePathRouter->process(Object(Laminas\Diactoros\ServerRequest), Object(Laminas\Stratigility\Next))
#61 /home/freeper1/public_html/vendor/laminas/laminas-stratigility/src/Middleware/OriginalMessages.php(36): Laminas\Stratigility\Next->handle(Object(Laminas\Diactoros\ServerRequest))
#62 /home/freeper1/public_html/vendor/laminas/laminas-stratigility/src/Next.php(49): Laminas\Stratigility\Middleware\OriginalMessages->process(Object(Laminas\Diactoros\ServerRequest), Object(Laminas\Stratigility\Next))
#63 /home/freeper1/public_html/vendor/middlewares/base-path/src/BasePath.php(73): Laminas\Stratigility\Next->handle(Object(Laminas\Diactoros\ServerRequest))
#64 /home/freeper1/public_html/vendor/laminas/laminas-stratigility/src/Next.php(49): Middlewares\BasePath->process(Object(Laminas\Diactoros\ServerRequest), Object(Laminas\Stratigility\Next))
#65 /home/freeper1/public_html/vendor/flarum/core/src/Http/Middleware/ProcessIp.php(24): Laminas\Stratigility\Next->handle(Object(Laminas\Diactoros\ServerRequest))
#66 /home/freeper1/public_html/vendor/laminas/laminas-stratigility/src/Next.php(49): Flarum\Http\Middleware\ProcessIp->process(Object(Laminas\Diactoros\ServerRequest), Object(Laminas\Stratigility\Next))
#67 /home/freeper1/public_html/vendor/laminas/laminas-stratigility/src/MiddlewarePipe.php(75): Laminas\Stratigility\Next->handle(Object(Laminas\Diactoros\ServerRequest))
#68 /home/freeper1/public_html/vendor/laminas/laminas-stratigility/src/MiddlewarePipe.php(64): Laminas\Stratigility\MiddlewarePipe->process(Object(Laminas\Diactoros\ServerRequest), Object(Laminas\Stratigility\EmptyPipelineHandler))
#69 /home/freeper1/public_html/vendor/laminas/laminas-httphandlerrunner/src/RequestHandlerRunner.php(96): Laminas\Stratigility\MiddlewarePipe->handle(Object(Laminas\Diactoros\ServerRequest))
#70 /home/freeper1/public_html/vendor/flarum/core/src/Http/Server.php(44): Laminas\HttpHandlerRunner\RequestHandlerRunner->run()
#71 /home/freeper1/public_html/index.php(26): Flarum\Http\Server->listen()
#72 {main}  
