[2022-08-28 06:59:11] flarum.ERROR: Error: Class 'Session' not found in D:\xampp7\htdocs\forum1\forum_new\vendor\flarum\core\src\User\Guest.php:35
Stack trace:
#0 D:\xampp7\htdocs\forum1\forum_new\vendor\illuminate\database\Eloquent\Concerns\HasAttributes.php(620): Flarum\User\Guest->getGroupsAttribute(NULL)
#1 D:\xampp7\htdocs\forum1\forum_new\vendor\illuminate\database\Eloquent\Concerns\HasAttributes.php(1991): Illuminate\Database\Eloquent\Model->mutateAttribute('groups', NULL)
#2 D:\xampp7\htdocs\forum1\forum_new\vendor\illuminate\database\Eloquent\Concerns\HasAttributes.php(451): Illuminate\Database\Eloquent\Model->transformModelValue('groups', NULL)
#3 D:\xampp7\htdocs\forum1\forum_new\vendor\illuminate\database\Eloquent\Concerns\HasAttributes.php(430): Illuminate\Database\Eloquent\Model->getAttributeValue('groups')
#4 D:\xampp7\htdocs\forum1\forum_new\vendor\flarum\core\src\Database\AbstractModel.php(125): Illuminate\Database\Eloquent\Model->getAttribute('groups')
#5 D:\xampp7\htdocs\forum1\forum_new\vendor\illuminate\database\Eloquent\Model.php(2029): Flarum\Database\AbstractModel->getAttribute('groups')
#6 D:\xampp7\htdocs\forum1\forum_new\vendor\flarum\core\src\User\User.php(590): Illuminate\Database\Eloquent\Model->__get('groups')
#7 D:\xampp7\htdocs\forum1\forum_new\vendor\flarum\core\src\User\Access\Gate.php(90): Flarum\User\User->isAdmin()
#8 D:\xampp7\htdocs\forum1\forum_new\vendor\flarum\core\src\User\User.php(786): Flarum\User\Access\Gate->allows(Object(Flarum\User\Guest), 'viewHiddenGroup...', NULL)
#9 D:\xampp7\htdocs\forum1\forum_new\vendor\flarum\core\src\User\User.php(796): Flarum\User\User->can('viewHiddenGroup...', NULL)
#10 D:\xampp7\htdocs\forum1\forum_new\vendor\flarum\core\src\Group\Access\ScopeGroupVisibility.php(23): Flarum\User\User->cannot('viewHiddenGroup...')
#11 D:\xampp7\htdocs\forum1\forum_new\vendor\flarum\core\src\Database\ScopeVisibilityTrait.php(48): Flarum\Group\Access\ScopeGroupVisibility->__invoke(Object(Flarum\User\Guest), Object(Illuminate\Database\Eloquent\Builder))
#12 D:\xampp7\htdocs\forum1\forum_new\vendor\illuminate\database\Eloquent\Model.php(1475): Flarum\Group\Group->scopeWhereVisibleTo(Object(Illuminate\Database\Eloquent\Builder), Object(Flarum\User\Guest))
#13 D:\xampp7\htdocs\forum1\forum_new\vendor\illuminate\database\Eloquent\Builder.php(1218): Illuminate\Database\Eloquent\Model->callNamedScope('whereVisibleTo', Array)
#14 D:\xampp7\htdocs\forum1\forum_new\vendor\illuminate\database\Eloquent\Builder.php(1199): Illuminate\Database\Eloquent\Builder->Illuminate\Database\Eloquent\{closure}(Object(Illuminate\Database\Eloquent\Builder), Object(Flarum\User\Guest))
#15 D:\xampp7\htdocs\forum1\forum_new\vendor\illuminate\database\Eloquent\Builder.php(1217): Illuminate\Database\Eloquent\Builder->callScope(Object(Closure), Array)
#16 D:\xampp7\htdocs\forum1\forum_new\vendor\illuminate\database\Eloquent\Builder.php(1653): Illuminate\Database\Eloquent\Builder->callNamedScope('whereVisibleTo', Array)
#17 D:\xampp7\htdocs\forum1\forum_new\vendor\illuminate\support\Traits\ForwardsCalls.php(23): Illuminate\Database\Eloquent\Builder->__call('whereVisibleTo', Array)
#18 D:\xampp7\htdocs\forum1\forum_new\vendor\illuminate\database\Eloquent\Model.php(2132): Illuminate\Database\Eloquent\Model->forwardCallTo(Object(Illuminate\Database\Eloquent\Builder), 'whereVisibleTo', Array)
#19 D:\xampp7\htdocs\forum1\forum_new\vendor\flarum\core\src\Database\AbstractModel.php(214): Illuminate\Database\Eloquent\Model->__call('whereVisibleTo', Array)
#20 D:\xampp7\htdocs\forum1\forum_new\vendor\illuminate\database\Eloquent\Model.php(2144): Flarum\Database\AbstractModel->__call('whereVisibleTo', Array)
#21 D:\xampp7\htdocs\forum1\forum_new\vendor\flarum\core\src\Api\Controller\ShowForumController.php(36): Illuminate\Database\Eloquent\Model::__callStatic('whereVisibleTo', Array)
#22 D:\xampp7\htdocs\forum1\forum_new\vendor\flarum\core\src\Api\Controller\AbstractSerializeController.php(115): Flarum\Api\Controller\ShowForumController->data(Object(Laminas\Diactoros\ServerRequest), Object(Tobscure\JsonApi\Document))
#23 D:\xampp7\htdocs\forum1\forum_new\vendor\flarum\core\src\Http\RouteHandlerFactory.php(41): Flarum\Api\Controller\AbstractSerializeController->handle(Object(Laminas\Diactoros\ServerRequest))
#24 D:\xampp7\htdocs\forum1\forum_new\vendor\flarum\core\src\Http\Middleware\ExecuteRoute.php(27): Flarum\Http\RouteHandlerFactory->Flarum\Http\{closure}(Object(Laminas\Diactoros\ServerRequest), Array)
#25 D:\xampp7\htdocs\forum1\forum_new\vendor\laminas\laminas-stratigility\src\Next.php(49): Flarum\Http\Middleware\ExecuteRoute->process(Object(Laminas\Diactoros\ServerRequest), Object(Closure))
#26 D:\xampp7\htdocs\forum1\forum_new\vendor\flarum\core\src\Api\Middleware\ThrottleApi.php(33): Laminas\Stratigility\Next->handle(Object(Laminas\Diactoros\ServerRequest))
#27 D:\xampp7\htdocs\forum1\forum_new\vendor\laminas\laminas-stratigility\src\Next.php(49): Flarum\Api\Middleware\ThrottleApi->process(Object(Laminas\Diactoros\ServerRequest), Object(Laminas\Stratigility\Next))
#28 D:\xampp7\htdocs\forum1\forum_new\vendor\flarum\core\src\Http\Middleware\ResolveRoute.php(67): Laminas\Stratigility\Next->handle(Object(Laminas\Diactoros\ServerRequest))
#29 D:\xampp7\htdocs\forum1\forum_new\vendor\laminas\laminas-stratigility\src\Next.php(49): Flarum\Http\Middleware\ResolveRoute->process(Object(Laminas\Diactoros\ServerRequest), Object(Laminas\Stratigility\Next))
#30 D:\xampp7\htdocs\forum1\forum_new\vendor\flarum\core\src\Http\Middleware\SetLocale.php(51): Laminas\Stratigility\Next->handle(Object(Laminas\Diactoros\ServerRequest))
#31 D:\xampp7\htdocs\forum1\forum_new\vendor\laminas\laminas-stratigility\src\Next.php(49): Flarum\Http\Middleware\SetLocale->process(Object(Laminas\Diactoros\ServerRequest), Object(Laminas\Stratigility\Next))
#32 D:\xampp7\htdocs\forum1\forum_new\vendor\flarum\core\src\Http\Middleware\HandleErrors.php(57): Laminas\Stratigility\Next->handle(Object(Laminas\Diactoros\ServerRequest))
#33 D:\xampp7\htdocs\forum1\forum_new\vendor\laminas\laminas-stratigility\src\Next.php(49): Flarum\Http\Middleware\HandleErrors->process(Object(Laminas\Diactoros\ServerRequest), Object(Laminas\Stratigility\Next))
#34 D:\xampp7\htdocs\forum1\forum_new\vendor\laminas\laminas-stratigility\src\MiddlewarePipe.php(75): Laminas\Stratigility\Next->handle(Object(Laminas\Diactoros\ServerRequest))
#35 D:\xampp7\htdocs\forum1\forum_new\vendor\laminas\laminas-stratigility\src\MiddlewarePipe.php(64): Laminas\Stratigility\MiddlewarePipe->process(Object(Laminas\Diactoros\ServerRequest), Object(Laminas\Stratigility\EmptyPipelineHandler))
#36 D:\xampp7\htdocs\forum1\forum_new\vendor\flarum\core\src\Api\Client.php(145): Laminas\Stratigility\MiddlewarePipe->handle(Object(Laminas\Diactoros\ServerRequest))
#37 D:\xampp7\htdocs\forum1\forum_new\vendor\flarum\core\src\Api\Client.php(95): Flarum\Api\Client->send('GET', '/')
#38 D:\xampp7\htdocs\forum1\forum_new\vendor\flarum\core\src\Frontend\Frontend.php(69): Flarum\Api\Client->get('/')
#39 D:\xampp7\htdocs\forum1\forum_new\vendor\flarum\core\src\Frontend\Frontend.php(50): Flarum\Frontend\Frontend->getForumDocument(Object(Laminas\Diactoros\ServerRequest))
#40 D:\xampp7\htdocs\forum1\forum_new\vendor\flarum\core\src\Frontend\Controller.php(32): Flarum\Frontend\Frontend->document(Object(Laminas\Diactoros\ServerRequest))
#41 D:\xampp7\htdocs\forum1\forum_new\vendor\flarum\core\src\Http\RouteHandlerFactory.php(41): Flarum\Frontend\Controller->handle(Object(Laminas\Diactoros\ServerRequest))
#42 D:\xampp7\htdocs\forum1\forum_new\vendor\flarum\core\src\Http\Middleware\ExecuteRoute.php(27): Flarum\Http\RouteHandlerFactory->Flarum\Http\{closure}(Object(Laminas\Diactoros\ServerRequest), Array)
#43 D:\xampp7\htdocs\forum1\forum_new\vendor\laminas\laminas-stratigility\src\Next.php(49): Flarum\Http\Middleware\ExecuteRoute->process(Object(Laminas\Diactoros\ServerRequest), Object(Closure))
#44 D:\xampp7\htdocs\forum1\forum_new\vendor\flarum\core\src\Http\Middleware\ContentTypeOptionsHeader.php(21): Laminas\Stratigility\Next->handle(Object(Laminas\Diactoros\ServerRequest))
#45 D:\xampp7\htdocs\forum1\forum_new\vendor\laminas\laminas-stratigility\src\Next.php(49): Flarum\Http\Middleware\ContentTypeOptionsHeader->process(Object(Laminas\Diactoros\ServerRequest), Object(Laminas\Stratigility\Next))
#46 D:\xampp7\htdocs\forum1\forum_new\vendor\flarum\core\src\Http\Middleware\ReferrerPolicyHeader.php(30): Laminas\Stratigility\Next->handle(Object(Laminas\Diactoros\ServerRequest))
#47 D:\xampp7\htdocs\forum1\forum_new\vendor\laminas\laminas-stratigility\src\Next.php(49): Flarum\Http\Middleware\ReferrerPolicyHeader->process(Object(Laminas\Diactoros\ServerRequest), Object(Laminas\Stratigility\Next))
#48 D:\xampp7\htdocs\forum1\forum_new\vendor\flarum\core\src\Http\Middleware\FlarumPromotionHeader.php(30): Laminas\Stratigility\Next->handle(Object(Laminas\Diactoros\ServerRequest))
#49 D:\xampp7\htdocs\forum1\forum_new\vendor\laminas\laminas-stratigility\src\Next.php(49): Flarum\Http\Middleware\FlarumPromotionHeader->process(Object(Laminas\Diactoros\ServerRequest), Object(Laminas\Stratigility\Next))
#50 D:\xampp7\htdocs\forum1\forum_new\vendor\flarum\core\src\Http\Middleware\ShareErrorsFromSession.php(57): Laminas\Stratigility\Next->handle(Object(Laminas\Diactoros\ServerRequest))
#51 D:\xampp7\htdocs\forum1\forum_new\vendor\laminas\laminas-stratigility\src\Next.php(49): Flarum\Http\Middleware\ShareErrorsFromSession->process(Object(Laminas\Diactoros\ServerRequest), Object(Laminas\Stratigility\Next))
#52 D:\xampp7\htdocs\forum1\forum_new\vendor\flarum\core\src\Http\Middleware\CheckCsrfToken.php(36): Laminas\Stratigility\Next->handle(Object(Laminas\Diactoros\ServerRequest))
#53 D:\xampp7\htdocs\forum1\forum_new\vendor\laminas\laminas-stratigility\src\Next.php(49): Flarum\Http\Middleware\CheckCsrfToken->process(Object(Laminas\Diactoros\ServerRequest), Object(Laminas\Stratigility\Next))
#54 D:\xampp7\htdocs\forum1\forum_new\vendor\flarum\core\src\Http\Middleware\ResolveRoute.php(67): Laminas\Stratigility\Next->handle(Object(Laminas\Diactoros\ServerRequest))
#55 D:\xampp7\htdocs\forum1\forum_new\vendor\laminas\laminas-stratigility\src\Next.php(49): Flarum\Http\Middleware\ResolveRoute->process(Object(Laminas\Diactoros\ServerRequest), Object(Laminas\Stratigility\Next))
#56 D:\xampp7\htdocs\forum1\forum_new\vendor\flarum\core\src\Http\Middleware\SetLocale.php(51): Laminas\Stratigility\Next->handle(Object(Laminas\Diactoros\ServerRequest))
#57 D:\xampp7\htdocs\forum1\forum_new\vendor\laminas\laminas-stratigility\src\Next.php(49): Flarum\Http\Middleware\SetLocale->process(Object(Laminas\Diactoros\ServerRequest), Object(Laminas\Stratigility\Next))
#58 D:\xampp7\htdocs\forum1\forum_new\vendor\flarum\core\src\Http\Middleware\AuthenticateWithSession.php(31): Laminas\Stratigility\Next->handle(Object(Laminas\Diactoros\ServerRequest))
#59 D:\xampp7\htdocs\forum1\forum_new\vendor\laminas\laminas-stratigility\src\Next.php(49): Flarum\Http\Middleware\AuthenticateWithSession->process(Object(Laminas\Diactoros\ServerRequest), Object(Laminas\Stratigility\Next))
#60 D:\xampp7\htdocs\forum1\forum_new\vendor\flarum\core\src\Http\Middleware\RememberFromCookie.php(52): Laminas\Stratigility\Next->handle(Object(Laminas\Diactoros\ServerRequest))
#61 D:\xampp7\htdocs\forum1\forum_new\vendor\laminas\laminas-stratigility\src\Next.php(49): Flarum\Http\Middleware\RememberFromCookie->process(Object(Laminas\Diactoros\ServerRequest), Object(Laminas\Stratigility\Next))
#62 D:\xampp7\htdocs\forum1\forum_new\vendor\flarum\core\src\Http\Middleware\StartSession.php(61): Laminas\Stratigility\Next->handle(Object(Laminas\Diactoros\ServerRequest))
#63 D:\xampp7\htdocs\forum1\forum_new\vendor\laminas\laminas-stratigility\src\Next.php(49): Flarum\Http\Middleware\StartSession->process(Object(Laminas\Diactoros\ServerRequest), Object(Laminas\Stratigility\Next))
#64 D:\xampp7\htdocs\forum1\forum_new\vendor\flarum\core\src\Http\Middleware\CollectGarbage.php(46): Laminas\Stratigility\Next->handle(Object(Laminas\Diactoros\ServerRequest))
#65 D:\xampp7\htdocs\forum1\forum_new\vendor\laminas\laminas-stratigility\src\Next.php(49): Flarum\Http\Middleware\CollectGarbage->process(Object(Laminas\Diactoros\ServerRequest), Object(Laminas\Stratigility\Next))
#66 D:\xampp7\htdocs\forum1\forum_new\vendor\flarum\core\src\Http\Middleware\ParseJsonBody.php(28): Laminas\Stratigility\Next->handle(Object(Laminas\Diactoros\ServerRequest))
#67 D:\xampp7\htdocs\forum1\forum_new\vendor\laminas\laminas-stratigility\src\Next.php(49): Flarum\Http\Middleware\ParseJsonBody->process(Object(Laminas\Diactoros\ServerRequest), Object(Laminas\Stratigility\Next))
#68 D:\xampp7\htdocs\forum1\forum_new\vendor\flarum\core\src\Http\Middleware\HandleErrors.php(57): Laminas\Stratigility\Next->handle(Object(Laminas\Diactoros\ServerRequest))
#69 D:\xampp7\htdocs\forum1\forum_new\vendor\laminas\laminas-stratigility\src\Next.php(49): Flarum\Http\Middleware\HandleErrors->process(Object(Laminas\Diactoros\ServerRequest), Object(Laminas\Stratigility\Next))
#70 D:\xampp7\htdocs\forum1\forum_new\vendor\flarum\core\src\Http\Middleware\InjectActorReference.php(25): Laminas\Stratigility\Next->handle(Object(Laminas\Diactoros\ServerRequest))
#71 D:\xampp7\htdocs\forum1\forum_new\vendor\laminas\laminas-stratigility\src\Next.php(49): Flarum\Http\Middleware\InjectActorReference->process(Object(Laminas\Diactoros\ServerRequest), Object(Laminas\Stratigility\Next))
#72 D:\xampp7\htdocs\forum1\forum_new\vendor\laminas\laminas-stratigility\src\MiddlewarePipe.php(75): Laminas\Stratigility\Next->handle(Object(Laminas\Diactoros\ServerRequest))
#73 D:\xampp7\htdocs\forum1\forum_new\vendor\middlewares\request-handler\src\RequestHandler.php(84): Laminas\Stratigility\MiddlewarePipe->process(Object(Laminas\Diactoros\ServerRequest), Object(Laminas\Stratigility\Next))
#74 D:\xampp7\htdocs\forum1\forum_new\vendor\laminas\laminas-stratigility\src\Next.php(49): Middlewares\RequestHandler->process(Object(Laminas\Diactoros\ServerRequest), Object(Laminas\Stratigility\Next))
#75 D:\xampp7\htdocs\forum1\forum_new\vendor\middlewares\base-path-router\src\BasePathRouter.php(101): Laminas\Stratigility\Next->handle(Object(Laminas\Diactoros\ServerRequest))
#76 D:\xampp7\htdocs\forum1\forum_new\vendor\laminas\laminas-stratigility\src\Next.php(49): Middlewares\BasePathRouter->process(Object(Laminas\Diactoros\ServerRequest), Object(Laminas\Stratigility\Next))
#77 D:\xampp7\htdocs\forum1\forum_new\vendor\laminas\laminas-stratigility\src\Middleware\OriginalMessages.php(36): Laminas\Stratigility\Next->handle(Object(Laminas\Diactoros\ServerRequest))
#78 D:\xampp7\htdocs\forum1\forum_new\vendor\laminas\laminas-stratigility\src\Next.php(49): Laminas\Stratigility\Middleware\OriginalMessages->process(Object(Laminas\Diactoros\ServerRequest), Object(Laminas\Stratigility\Next))
#79 D:\xampp7\htdocs\forum1\forum_new\vendor\middlewares\base-path\src\BasePath.php(73): Laminas\Stratigility\Next->handle(Object(Laminas\Diactoros\ServerRequest))
#80 D:\xampp7\htdocs\forum1\forum_new\vendor\laminas\laminas-stratigility\src\Next.php(49): Middlewares\BasePath->process(Object(Laminas\Diactoros\ServerRequest), Object(Laminas\Stratigility\Next))
#81 D:\xampp7\htdocs\forum1\forum_new\vendor\flarum\core\src\Http\Middleware\ProcessIp.php(24): Laminas\Stratigility\Next->handle(Object(Laminas\Diactoros\ServerRequest))
#82 D:\xampp7\htdocs\forum1\forum_new\vendor\laminas\laminas-stratigility\src\Next.php(49): Flarum\Http\Middleware\ProcessIp->process(Object(Laminas\Diactoros\ServerRequest), Object(Laminas\Stratigility\Next))
#83 D:\xampp7\htdocs\forum1\forum_new\vendor\laminas\laminas-stratigility\src\MiddlewarePipe.php(75): Laminas\Stratigility\Next->handle(Object(Laminas\Diactoros\ServerRequest))
#84 D:\xampp7\htdocs\forum1\forum_new\vendor\laminas\laminas-stratigility\src\MiddlewarePipe.php(64): Laminas\Stratigility\MiddlewarePipe->process(Object(Laminas\Diactoros\ServerRequest), Object(Laminas\Stratigility\EmptyPipelineHandler))
#85 D:\xampp7\htdocs\forum1\forum_new\vendor\laminas\laminas-httphandlerrunner\src\RequestHandlerRunner.php(96): Laminas\Stratigility\MiddlewarePipe->handle(Object(Laminas\Diactoros\ServerRequest))
#86 D:\xampp7\htdocs\forum1\forum_new\vendor\flarum\core\src\Http\Server.php(44): Laminas\HttpHandlerRunner\RequestHandlerRunner->run()
#87 D:\xampp7\htdocs\forum1\forum_new\index.php(26): Flarum\Http\Server->listen()
#88 {main}  
[2022-08-28 06:59:16] flarum.ERROR: Error: Class 'Session' not found in D:\xampp7\htdocs\forum1\forum_new\vendor\flarum\core\src\User\Guest.php:35
Stack trace:
#0 D:\xampp7\htdocs\forum1\forum_new\vendor\illuminate\database\Eloquent\Concerns\HasAttributes.php(620): Flarum\User\Guest->getGroupsAttribute(Object(Illuminate\Database\Eloquent\Collection))
#1 D:\xampp7\htdocs\forum1\forum_new\vendor\illuminate\database\Eloquent\Concerns\HasAttributes.php(1991): Illuminate\Database\Eloquent\Model->mutateAttribute('groups', Object(Illuminate\Database\Eloquent\Collection))
#2 D:\xampp7\htdocs\forum1\forum_new\vendor\illuminate\database\Eloquent\Concerns\HasAttributes.php(451): Illuminate\Database\Eloquent\Model->transformModelValue('groups', Object(Illuminate\Database\Eloquent\Collection))
#3 D:\xampp7\htdocs\forum1\forum_new\vendor\illuminate\database\Eloquent\Concerns\HasAttributes.php(430): Illuminate\Database\Eloquent\Model->getAttributeValue('groups')
#4 D:\xampp7\htdocs\forum1\forum_new\vendor\flarum\core\src\Database\AbstractModel.php(125): Illuminate\Database\Eloquent\Model->getAttribute('groups')
#5 D:\xampp7\htdocs\forum1\forum_new\vendor\illuminate\database\Eloquent\Model.php(2029): Flarum\Database\AbstractModel->getAttribute('groups')
#6 D:\xampp7\htdocs\forum1\forum_new\vendor\flarum\core\src\User\User.php(590): Illuminate\Database\Eloquent\Model->__get('groups')
#7 D:\xampp7\htdocs\forum1\forum_new\vendor\flarum\core\src\User\Access\Gate.php(90): Flarum\User\User->isAdmin()
#8 D:\xampp7\htdocs\forum1\forum_new\vendor\flarum\core\src\User\User.php(786): Flarum\User\Access\Gate->allows(Object(Flarum\User\Guest), 'davwheat-ads.by...', NULL)
#9 D:\xampp7\htdocs\forum1\forum_new\vendor\davwheat\flarum-ext-ads\src\ForumDocumentContent.php(33): Flarum\User\User->can('davwheat-ads.by...')
#10 D:\xampp7\htdocs\forum1\forum_new\vendor\flarum\core\src\Foundation\ContainerUtil.php(30): Davwheat\Ads\ForumDocumentContent->__invoke(Object(Flarum\Frontend\Document), Object(Laminas\Diactoros\ServerRequest))
#11 D:\xampp7\htdocs\forum1\forum_new\vendor\flarum\core\src\Frontend\Frontend.php(62): Flarum\Foundation\ContainerUtil::Flarum\Foundation\{closure}(Object(Flarum\Frontend\Document), Object(Laminas\Diactoros\ServerRequest))
#12 D:\xampp7\htdocs\forum1\forum_new\vendor\flarum\core\src\Frontend\Frontend.php(54): Flarum\Frontend\Frontend->populate(Object(Flarum\Frontend\Document), Object(Laminas\Diactoros\ServerRequest))
#13 D:\xampp7\htdocs\forum1\forum_new\vendor\flarum\core\src\Frontend\Controller.php(32): Flarum\Frontend\Frontend->document(Object(Laminas\Diactoros\ServerRequest))
#14 D:\xampp7\htdocs\forum1\forum_new\vendor\flarum\core\src\Http\RouteHandlerFactory.php(41): Flarum\Frontend\Controller->handle(Object(Laminas\Diactoros\ServerRequest))
#15 D:\xampp7\htdocs\forum1\forum_new\vendor\flarum\core\src\Http\Middleware\ExecuteRoute.php(27): Flarum\Http\RouteHandlerFactory->Flarum\Http\{closure}(Object(Laminas\Diactoros\ServerRequest), Array)
#16 D:\xampp7\htdocs\forum1\forum_new\vendor\laminas\laminas-stratigility\src\Next.php(49): Flarum\Http\Middleware\ExecuteRoute->process(Object(Laminas\Diactoros\ServerRequest), Object(Closure))
#17 D:\xampp7\htdocs\forum1\forum_new\vendor\flarum\core\src\Http\Middleware\ContentTypeOptionsHeader.php(21): Laminas\Stratigility\Next->handle(Object(Laminas\Diactoros\ServerRequest))
#18 D:\xampp7\htdocs\forum1\forum_new\vendor\laminas\laminas-stratigility\src\Next.php(49): Flarum\Http\Middleware\ContentTypeOptionsHeader->process(Object(Laminas\Diactoros\ServerRequest), Object(Laminas\Stratigility\Next))
#19 D:\xampp7\htdocs\forum1\forum_new\vendor\flarum\core\src\Http\Middleware\ReferrerPolicyHeader.php(30): Laminas\Stratigility\Next->handle(Object(Laminas\Diactoros\ServerRequest))
#20 D:\xampp7\htdocs\forum1\forum_new\vendor\laminas\laminas-stratigility\src\Next.php(49): Flarum\Http\Middleware\ReferrerPolicyHeader->process(Object(Laminas\Diactoros\ServerRequest), Object(Laminas\Stratigility\Next))
#21 D:\xampp7\htdocs\forum1\forum_new\vendor\flarum\core\src\Http\Middleware\FlarumPromotionHeader.php(30): Laminas\Stratigility\Next->handle(Object(Laminas\Diactoros\ServerRequest))
#22 D:\xampp7\htdocs\forum1\forum_new\vendor\laminas\laminas-stratigility\src\Next.php(49): Flarum\Http\Middleware\FlarumPromotionHeader->process(Object(Laminas\Diactoros\ServerRequest), Object(Laminas\Stratigility\Next))
#23 D:\xampp7\htdocs\forum1\forum_new\vendor\flarum\core\src\Http\Middleware\ShareErrorsFromSession.php(57): Laminas\Stratigility\Next->handle(Object(Laminas\Diactoros\ServerRequest))
#24 D:\xampp7\htdocs\forum1\forum_new\vendor\laminas\laminas-stratigility\src\Next.php(49): Flarum\Http\Middleware\ShareErrorsFromSession->process(Object(Laminas\Diactoros\ServerRequest), Object(Laminas\Stratigility\Next))
#25 D:\xampp7\htdocs\forum1\forum_new\vendor\flarum\core\src\Http\Middleware\CheckCsrfToken.php(36): Laminas\Stratigility\Next->handle(Object(Laminas\Diactoros\ServerRequest))
#26 D:\xampp7\htdocs\forum1\forum_new\vendor\laminas\laminas-stratigility\src\Next.php(49): Flarum\Http\Middleware\CheckCsrfToken->process(Object(Laminas\Diactoros\ServerRequest), Object(Laminas\Stratigility\Next))
#27 D:\xampp7\htdocs\forum1\forum_new\vendor\flarum\core\src\Http\Middleware\ResolveRoute.php(67): Laminas\Stratigility\Next->handle(Object(Laminas\Diactoros\ServerRequest))
#28 D:\xampp7\htdocs\forum1\forum_new\vendor\laminas\laminas-stratigility\src\Next.php(49): Flarum\Http\Middleware\ResolveRoute->process(Object(Laminas\Diactoros\ServerRequest), Object(Laminas\Stratigility\Next))
#29 D:\xampp7\htdocs\forum1\forum_new\vendor\flarum\core\src\Http\Middleware\SetLocale.php(51): Laminas\Stratigility\Next->handle(Object(Laminas\Diactoros\ServerRequest))
#30 D:\xampp7\htdocs\forum1\forum_new\vendor\laminas\laminas-stratigility\src\Next.php(49): Flarum\Http\Middleware\SetLocale->process(Object(Laminas\Diactoros\ServerRequest), Object(Laminas\Stratigility\Next))
#31 D:\xampp7\htdocs\forum1\forum_new\vendor\flarum\core\src\Http\Middleware\AuthenticateWithSession.php(31): Laminas\Stratigility\Next->handle(Object(Laminas\Diactoros\ServerRequest))
#32 D:\xampp7\htdocs\forum1\forum_new\vendor\laminas\laminas-stratigility\src\Next.php(49): Flarum\Http\Middleware\AuthenticateWithSession->process(Object(Laminas\Diactoros\ServerRequest), Object(Laminas\Stratigility\Next))
#33 D:\xampp7\htdocs\forum1\forum_new\vendor\flarum\core\src\Http\Middleware\RememberFromCookie.php(52): Laminas\Stratigility\Next->handle(Object(Laminas\Diactoros\ServerRequest))
#34 D:\xampp7\htdocs\forum1\forum_new\vendor\laminas\laminas-stratigility\src\Next.php(49): Flarum\Http\Middleware\RememberFromCookie->process(Object(Laminas\Diactoros\ServerRequest), Object(Laminas\Stratigility\Next))
#35 D:\xampp7\htdocs\forum1\forum_new\vendor\flarum\core\src\Http\Middleware\StartSession.php(61): Laminas\Stratigility\Next->handle(Object(Laminas\Diactoros\ServerRequest))
#36 D:\xampp7\htdocs\forum1\forum_new\vendor\laminas\laminas-stratigility\src\Next.php(49): Flarum\Http\Middleware\StartSession->process(Object(Laminas\Diactoros\ServerRequest), Object(Laminas\Stratigility\Next))
#37 D:\xampp7\htdocs\forum1\forum_new\vendor\flarum\core\src\Http\Middleware\CollectGarbage.php(46): Laminas\Stratigility\Next->handle(Object(Laminas\Diactoros\ServerRequest))
#38 D:\xampp7\htdocs\forum1\forum_new\vendor\laminas\laminas-stratigility\src\Next.php(49): Flarum\Http\Middleware\CollectGarbage->process(Object(Laminas\Diactoros\ServerRequest), Object(Laminas\Stratigility\Next))
#39 D:\xampp7\htdocs\forum1\forum_new\vendor\flarum\core\src\Http\Middleware\ParseJsonBody.php(28): Laminas\Stratigility\Next->handle(Object(Laminas\Diactoros\ServerRequest))
#40 D:\xampp7\htdocs\forum1\forum_new\vendor\laminas\laminas-stratigility\src\Next.php(49): Flarum\Http\Middleware\ParseJsonBody->process(Object(Laminas\Diactoros\ServerRequest), Object(Laminas\Stratigility\Next))
#41 D:\xampp7\htdocs\forum1\forum_new\vendor\flarum\core\src\Http\Middleware\HandleErrors.php(57): Laminas\Stratigility\Next->handle(Object(Laminas\Diactoros\ServerRequest))
#42 D:\xampp7\htdocs\forum1\forum_new\vendor\laminas\laminas-stratigility\src\Next.php(49): Flarum\Http\Middleware\HandleErrors->process(Object(Laminas\Diactoros\ServerRequest), Object(Laminas\Stratigility\Next))
#43 D:\xampp7\htdocs\forum1\forum_new\vendor\flarum\core\src\Http\Middleware\InjectActorReference.php(25): Laminas\Stratigility\Next->handle(Object(Laminas\Diactoros\ServerRequest))
#44 D:\xampp7\htdocs\forum1\forum_new\vendor\laminas\laminas-stratigility\src\Next.php(49): Flarum\Http\Middleware\InjectActorReference->process(Object(Laminas\Diactoros\ServerRequest), Object(Laminas\Stratigility\Next))
#45 D:\xampp7\htdocs\forum1\forum_new\vendor\laminas\laminas-stratigility\src\MiddlewarePipe.php(75): Laminas\Stratigility\Next->handle(Object(Laminas\Diactoros\ServerRequest))
#46 D:\xampp7\htdocs\forum1\forum_new\vendor\middlewares\request-handler\src\RequestHandler.php(84): Laminas\Stratigility\MiddlewarePipe->process(Object(Laminas\Diactoros\ServerRequest), Object(Laminas\Stratigility\Next))
#47 D:\xampp7\htdocs\forum1\forum_new\vendor\laminas\laminas-stratigility\src\Next.php(49): Middlewares\RequestHandler->process(Object(Laminas\Diactoros\ServerRequest), Object(Laminas\Stratigility\Next))
#48 D:\xampp7\htdocs\forum1\forum_new\vendor\middlewares\base-path-router\src\BasePathRouter.php(101): Laminas\Stratigility\Next->handle(Object(Laminas\Diactoros\ServerRequest))
#49 D:\xampp7\htdocs\forum1\forum_new\vendor\laminas\laminas-stratigility\src\Next.php(49): Middlewares\BasePathRouter->process(Object(Laminas\Diactoros\ServerRequest), Object(Laminas\Stratigility\Next))
#50 D:\xampp7\htdocs\forum1\forum_new\vendor\laminas\laminas-stratigility\src\Middleware\OriginalMessages.php(36): Laminas\Stratigility\Next->handle(Object(Laminas\Diactoros\ServerRequest))
#51 D:\xampp7\htdocs\forum1\forum_new\vendor\laminas\laminas-stratigility\src\Next.php(49): Laminas\Stratigility\Middleware\OriginalMessages->process(Object(Laminas\Diactoros\ServerRequest), Object(Laminas\Stratigility\Next))
#52 D:\xampp7\htdocs\forum1\forum_new\vendor\middlewares\base-path\src\BasePath.php(73): Laminas\Stratigility\Next->handle(Object(Laminas\Diactoros\ServerRequest))
#53 D:\xampp7\htdocs\forum1\forum_new\vendor\laminas\laminas-stratigility\src\Next.php(49): Middlewares\BasePath->process(Object(Laminas\Diactoros\ServerRequest), Object(Laminas\Stratigility\Next))
#54 D:\xampp7\htdocs\forum1\forum_new\vendor\flarum\core\src\Http\Middleware\ProcessIp.php(24): Laminas\Stratigility\Next->handle(Object(Laminas\Diactoros\ServerRequest))
#55 D:\xampp7\htdocs\forum1\forum_new\vendor\laminas\laminas-stratigility\src\Next.php(49): Flarum\Http\Middleware\ProcessIp->process(Object(Laminas\Diactoros\ServerRequest), Object(Laminas\Stratigility\Next))
#56 D:\xampp7\htdocs\forum1\forum_new\vendor\laminas\laminas-stratigility\src\MiddlewarePipe.php(75): Laminas\Stratigility\Next->handle(Object(Laminas\Diactoros\ServerRequest))
#57 D:\xampp7\htdocs\forum1\forum_new\vendor\laminas\laminas-stratigility\src\MiddlewarePipe.php(64): Laminas\Stratigility\MiddlewarePipe->process(Object(Laminas\Diactoros\ServerRequest), Object(Laminas\Stratigility\EmptyPipelineHandler))
#58 D:\xampp7\htdocs\forum1\forum_new\vendor\laminas\laminas-httphandlerrunner\src\RequestHandlerRunner.php(96): Laminas\Stratigility\MiddlewarePipe->handle(Object(Laminas\Diactoros\ServerRequest))
#59 D:\xampp7\htdocs\forum1\forum_new\vendor\flarum\core\src\Http\Server.php(44): Laminas\HttpHandlerRunner\RequestHandlerRunner->run()
#60 D:\xampp7\htdocs\forum1\forum_new\index.php(26): Flarum\Http\Server->listen()
#61 {main}  
