[2022-09-06 08:42:21] flarum.ERROR: PDOException: SQLSTATE[HY000] [1040] Too many connections in /home/freeper1/public_html/vendor/doctrine/dbal/lib/Doctrine/DBAL/Driver/PDOConnection.php:40
Stack trace:
#0 /home/freeper1/public_html/vendor/doctrine/dbal/lib/Doctrine/DBAL/Driver/PDOConnection.php(40): PDO->__construct('mysql:host=51.7...', 'freeper1_new_fo...', 'AmritaMowna@98', Array)
#1 /home/freeper1/public_html/vendor/illuminate/database/Connectors/Connector.php(67): Doctrine\DBAL\Driver\PDOConnection->__construct('mysql:host=51.7...', 'freeper1_new_fo...', 'AmritaMowna@98', Array)
#2 /home/freeper1/public_html/vendor/illuminate/database/Connectors/Connector.php(46): Illuminate\Database\Connectors\Connector->createPdoConnection('mysql:host=51.7...', 'freeper1_new_fo...', 'AmritaMowna@98', Array)
#3 /home/freeper1/public_html/vendor/illuminate/database/Connectors/MySqlConnector.php(24): Illuminate\Database\Connectors\Connector->createConnection('mysql:host=51.7...', Array, Array)
#4 /home/freeper1/public_html/vendor/illuminate/database/Connectors/ConnectionFactory.php(184): Illuminate\Database\Connectors\MySqlConnector->connect(Array)
#5 [internal function]: Illuminate\Database\Connectors\ConnectionFactory->Illuminate\Database\Connectors\{closure}()
#6 /home/freeper1/public_html/vendor/illuminate/database/Connection.php(1064): call_user_func(Object(Closure))
#7 /home/freeper1/public_html/vendor/illuminate/database/Connection.php(1014): Illuminate\Database\Connection->getPdo()
#8 /home/freeper1/public_html/vendor/illuminate/database/Connection.php(994): Illuminate\Database\Connection->getDoctrineConnection()
#9 /home/freeper1/public_html/vendor/flarum/core/src/Database/Migrator.php(72): Illuminate\Database\Connection->getDoctrineSchemaManager()
#10 [internal function]: Flarum\Database\Migrator->__construct(Object(Flarum\Database\DatabaseMigrationRepository), Object(Illuminate\Database\MySqlConnection), Object(Illuminate\Filesystem\Filesystem))
#11 /home/freeper1/public_html/vendor/illuminate/container/Container.php(917): ReflectionClass->newInstanceArgs(Array)
#12 /home/freeper1/public_html/vendor/illuminate/container/Container.php(758): Illuminate\Container\Container->build('Flarum\\Database...')
#13 /home/freeper1/public_html/vendor/illuminate/container/Container.php(694): Illuminate\Container\Container->resolve('Flarum\\Database...', Array)
#14 /home/freeper1/public_html/vendor/illuminate/container/Container.php(1027): Illuminate\Container\Container->make('Flarum\\Database...')
#15 /home/freeper1/public_html/vendor/illuminate/container/Container.php(947): Illuminate\Container\Container->resolveClass(Object(ReflectionParameter))
#16 /home/freeper1/public_html/vendor/illuminate/container/Container.php(908): Illuminate\Container\Container->resolveDependencies(Array)
#17 /home/freeper1/public_html/vendor/illuminate/container/Container.php(292): Illuminate\Container\Container->build('Flarum\\Extensio...')
#18 /home/freeper1/public_html/vendor/illuminate/container/Container.php(873): Illuminate\Container\Container->Illuminate\Container\{closure}(Object(Illuminate\Container\Container), Array)
#19 /home/freeper1/public_html/vendor/illuminate/container/Container.php(758): Illuminate\Container\Container->build(Object(Closure))
#20 /home/freeper1/public_html/vendor/illuminate/container/Container.php(694): Illuminate\Container\Container->resolve('Flarum\\Extensio...', Array)
#21 /home/freeper1/public_html/vendor/flarum/core/src/Extension/ExtensionServiceProvider.php(31): Illuminate\Container\Container->make('flarum.extensio...')
#22 [internal function]: Flarum\Extension\ExtensionServiceProvider->Flarum\Extension\{closure}(Object(Flarum\Foundation\Application))
#23 /home/freeper1/public_html/vendor/flarum/core/src/Foundation/Application.php(329): call_user_func(Object(Closure), Object(Flarum\Foundation\Application))
#24 /home/freeper1/public_html/vendor/flarum/core/src/Foundation/Application.php(270): Flarum\Foundation\Application->fireAppCallbacks(Array)
#25 /home/freeper1/public_html/vendor/flarum/core/src/Foundation/InstalledSite.php(151): Flarum\Foundation\Application->boot()
#26 /home/freeper1/public_html/vendor/flarum/core/src/Foundation/InstalledSite.php(82): Flarum\Foundation\InstalledSite->bootLaravel()
#27 /home/freeper1/public_html/vendor/flarum/core/src/Http/Server.php(58): Flarum\Foundation\InstalledSite->bootApp()
#28 /home/freeper1/public_html/vendor/flarum/core/src/Http/Server.php(35): Flarum\Http\Server->safelyBootAndGetHandler()
#29 /home/freeper1/public_html/index.php(26): Flarum\Http\Server->listen()
#30 {main}

Next Doctrine\DBAL\Driver\PDO\Exception: SQLSTATE[HY000] [1040] Too many connections in /home/freeper1/public_html/vendor/doctrine/dbal/lib/Doctrine/DBAL/Driver/PDO/Exception.php:18
Stack trace:
#0 /home/freeper1/public_html/vendor/doctrine/dbal/lib/Doctrine/DBAL/Driver/PDOConnection.php(44): Doctrine\DBAL\Driver\PDO\Exception::new(Object(PDOException))
#1 /home/freeper1/public_html/vendor/illuminate/database/Connectors/Connector.php(67): Doctrine\DBAL\Driver\PDOConnection->__construct('mysql:host=51.7...', 'freeper1_new_fo...', 'AmritaMowna@98', Array)
#2 /home/freeper1/public_html/vendor/illuminate/database/Connectors/Connector.php(46): Illuminate\Database\Connectors\Connector->createPdoConnection('mysql:host=51.7...', 'freeper1_new_fo...', 'AmritaMowna@98', Array)
#3 /home/freeper1/public_html/vendor/illuminate/database/Connectors/MySqlConnector.php(24): Illuminate\Database\Connectors\Connector->createConnection('mysql:host=51.7...', Array, Array)
#4 /home/freeper1/public_html/vendor/illuminate/database/Connectors/ConnectionFactory.php(184): Illuminate\Database\Connectors\MySqlConnector->connect(Array)
#5 [internal function]: Illuminate\Database\Connectors\ConnectionFactory->Illuminate\Database\Connectors\{closure}()
#6 /home/freeper1/public_html/vendor/illuminate/database/Connection.php(1064): call_user_func(Object(Closure))
#7 /home/freeper1/public_html/vendor/illuminate/database/Connection.php(1014): Illuminate\Database\Connection->getPdo()
#8 /home/freeper1/public_html/vendor/illuminate/database/Connection.php(994): Illuminate\Database\Connection->getDoctrineConnection()
#9 /home/freeper1/public_html/vendor/flarum/core/src/Database/Migrator.php(72): Illuminate\Database\Connection->getDoctrineSchemaManager()
#10 [internal function]: Flarum\Database\Migrator->__construct(Object(Flarum\Database\DatabaseMigrationRepository), Object(Illuminate\Database\MySqlConnection), Object(Illuminate\Filesystem\Filesystem))
#11 /home/freeper1/public_html/vendor/illuminate/container/Container.php(917): ReflectionClass->newInstanceArgs(Array)
#12 /home/freeper1/public_html/vendor/illuminate/container/Container.php(758): Illuminate\Container\Container->build('Flarum\\Database...')
#13 /home/freeper1/public_html/vendor/illuminate/container/Container.php(694): Illuminate\Container\Container->resolve('Flarum\\Database...', Array)
#14 /home/freeper1/public_html/vendor/illuminate/container/Container.php(1027): Illuminate\Container\Container->make('Flarum\\Database...')
#15 /home/freeper1/public_html/vendor/illuminate/container/Container.php(947): Illuminate\Container\Container->resolveClass(Object(ReflectionParameter))
#16 /home/freeper1/public_html/vendor/illuminate/container/Container.php(908): Illuminate\Container\Container->resolveDependencies(Array)
#17 /home/freeper1/public_html/vendor/illuminate/container/Container.php(292): Illuminate\Container\Container->build('Flarum\\Extensio...')
#18 /home/freeper1/public_html/vendor/illuminate/container/Container.php(873): Illuminate\Container\Container->Illuminate\Container\{closure}(Object(Illuminate\Container\Container), Array)
#19 /home/freeper1/public_html/vendor/illuminate/container/Container.php(758): Illuminate\Container\Container->build(Object(Closure))
#20 /home/freeper1/public_html/vendor/illuminate/container/Container.php(694): Illuminate\Container\Container->resolve('Flarum\\Extensio...', Array)
#21 /home/freeper1/public_html/vendor/flarum/core/src/Extension/ExtensionServiceProvider.php(31): Illuminate\Container\Container->make('flarum.extensio...')
#22 [internal function]: Flarum\Extension\ExtensionServiceProvider->Flarum\Extension\{closure}(Object(Flarum\Foundation\Application))
#23 /home/freeper1/public_html/vendor/flarum/core/src/Foundation/Application.php(329): call_user_func(Object(Closure), Object(Flarum\Foundation\Application))
#24 /home/freeper1/public_html/vendor/flarum/core/src/Foundation/Application.php(270): Flarum\Foundation\Application->fireAppCallbacks(Array)
#25 /home/freeper1/public_html/vendor/flarum/core/src/Foundation/InstalledSite.php(151): Flarum\Foundation\Application->boot()
#26 /home/freeper1/public_html/vendor/flarum/core/src/Foundation/InstalledSite.php(82): Flarum\Foundation\InstalledSite->bootLaravel()
#27 /home/freeper1/public_html/vendor/flarum/core/src/Http/Server.php(58): Flarum\Foundation\InstalledSite->bootApp()
#28 /home/freeper1/public_html/vendor/flarum/core/src/Http/Server.php(35): Flarum\Http\Server->safelyBootAndGetHandler()
#29 /home/freeper1/public_html/index.php(26): Flarum\Http\Server->listen()
#30 {main}  
[2022-09-06 18:16:58] flarum.ERROR: FoF\Upload\Exceptions\InvalidUploadException: Upload max filesize limit reached from php.ini. in /home/freeper1/public_html/vendor/fof/upload/src/Repositories/FileRepository.php:152
Stack trace:
#0 /home/freeper1/public_html/vendor/fof/upload/src/Repositories/FileRepository.php(112): FoF\Upload\Repositories\FileRepository->handleUploadError(1)
#1 /home/freeper1/public_html/vendor/fof/upload/src/Commands/UploadHandler.php(100): FoF\Upload\Repositories\FileRepository->moveUploadedFileToTemp(Object(Laminas\Diactoros\UploadedFile))
#2 [internal function]: FoF\Upload\Commands\UploadHandler->FoF\Upload\Commands\{closure}(Object(Laminas\Diactoros\UploadedFile), 0)
#3 /home/freeper1/public_html/vendor/illuminate/collections/Collection.php(695): array_map(Object(Closure), Array, Array)
#4 /home/freeper1/public_html/vendor/fof/upload/src/Commands/UploadHandler.php(192): Illuminate\Support\Collection->map(Object(Closure))
#5 /home/freeper1/public_html/vendor/illuminate/bus/Dispatcher.php(122): FoF\Upload\Commands\UploadHandler->handle(Object(FoF\Upload\Commands\Upload))
#6 /home/freeper1/public_html/vendor/illuminate/pipeline/Pipeline.php(128): Illuminate\Bus\Dispatcher->Illuminate\Bus\{closure}(Object(FoF\Upload\Commands\Upload))
#7 /home/freeper1/public_html/vendor/illuminate/pipeline/Pipeline.php(103): Illuminate\Pipeline\Pipeline->Illuminate\Pipeline\{closure}(Object(FoF\Upload\Commands\Upload))
#8 /home/freeper1/public_html/vendor/illuminate/bus/Dispatcher.php(132): Illuminate\Pipeline\Pipeline->then(Object(Closure))
#9 /home/freeper1/public_html/vendor/illuminate/bus/Dispatcher.php(78): Illuminate\Bus\Dispatcher->dispatchNow(Object(FoF\Upload\Commands\Upload))
#10 /home/freeper1/public_html/vendor/fof/upload/src/Api/Controllers/UploadController.php(52): Illuminate\Bus\Dispatcher->dispatch(Object(FoF\Upload\Commands\Upload))
#11 /home/freeper1/public_html/vendor/flarum/core/src/Api/Controller/AbstractSerializeController.php(115): FoF\Upload\Api\Controllers\UploadController->data(Object(Laminas\Diactoros\ServerRequest), Object(Tobscure\JsonApi\Document))
#12 /home/freeper1/public_html/vendor/flarum/core/src/Http/RouteHandlerFactory.php(41): Flarum\Api\Controller\AbstractSerializeController->handle(Object(Laminas\Diactoros\ServerRequest))
#13 /home/freeper1/public_html/vendor/flarum/core/src/Http/Middleware/ExecuteRoute.php(27): Flarum\Http\RouteHandlerFactory->Flarum\Http\{closure}(Object(Laminas\Diactoros\ServerRequest), Array)
#14 /home/freeper1/public_html/vendor/laminas/laminas-stratigility/src/Next.php(49): Flarum\Http\Middleware\ExecuteRoute->process(Object(Laminas\Diactoros\ServerRequest), Object(Closure))
#15 /home/freeper1/public_html/vendor/flarum/core/src/Api/Middleware/ThrottleApi.php(33): Laminas\Stratigility\Next->handle(Object(Laminas\Diactoros\ServerRequest))
#16 /home/freeper1/public_html/vendor/laminas/laminas-stratigility/src/Next.php(49): Flarum\Api\Middleware\ThrottleApi->process(Object(Laminas\Diactoros\ServerRequest), Object(Laminas\Stratigility\Next))
#17 /home/freeper1/public_html/vendor/flarum/core/src/Http/Middleware/CheckCsrfToken.php(44): Laminas\Stratigility\Next->handle(Object(Laminas\Diactoros\ServerRequest))
#18 /home/freeper1/public_html/vendor/laminas/laminas-stratigility/src/Next.php(49): Flarum\Http\Middleware\CheckCsrfToken->process(Object(Laminas\Diactoros\ServerRequest), Object(Laminas\Stratigility\Next))
#19 /home/freeper1/public_html/vendor/flarum/core/src/Http/Middleware/ResolveRoute.php(67): Laminas\Stratigility\Next->handle(Object(Laminas\Diactoros\ServerRequest))
#20 /home/freeper1/public_html/vendor/laminas/laminas-stratigility/src/Next.php(49): Flarum\Http\Middleware\ResolveRoute->process(Object(Laminas\Diactoros\ServerRequest), Object(Laminas\Stratigility\Next))
#21 /home/freeper1/public_html/vendor/flarum/core/src/Http/Middleware/SetLocale.php(51): Laminas\Stratigility\Next->handle(Object(Laminas\Diactoros\ServerRequest))
#22 /home/freeper1/public_html/vendor/laminas/laminas-stratigility/src/Next.php(49): Flarum\Http\Middleware\SetLocale->process(Object(Laminas\Diactoros\ServerRequest), Object(Laminas\Stratigility\Next))
#23 /home/freeper1/public_html/vendor/flarum/core/src/Http/Middleware/AuthenticateWithHeader.php(58): Laminas\Stratigility\Next->handle(Object(Laminas\Diactoros\ServerRequest))
#24 /home/freeper1/public_html/vendor/laminas/laminas-stratigility/src/Next.php(49): Flarum\Http\Middleware\AuthenticateWithHeader->process(Object(Laminas\Diactoros\ServerRequest), Object(Laminas\Stratigility\Next))
#25 /home/freeper1/public_html/vendor/flarum/core/src/Http/Middleware/AuthenticateWithSession.php(31): Laminas\Stratigility\Next->handle(Object(Laminas\Diactoros\ServerRequest))
#26 /home/freeper1/public_html/vendor/laminas/laminas-stratigility/src/Next.php(49): Flarum\Http\Middleware\AuthenticateWithSession->process(Object(Laminas\Diactoros\ServerRequest), Object(Laminas\Stratigility\Next))
#27 /home/freeper1/public_html/vendor/flarum/core/src/Http/Middleware/RememberFromCookie.php(52): Laminas\Stratigility\Next->handle(Object(Laminas\Diactoros\ServerRequest))
#28 /home/freeper1/public_html/vendor/laminas/laminas-stratigility/src/Next.php(49): Flarum\Http\Middleware\RememberFromCookie->process(Object(Laminas\Diactoros\ServerRequest), Object(Laminas\Stratigility\Next))
#29 /home/freeper1/public_html/vendor/flarum/core/src/Http/Middleware/StartSession.php(61): Laminas\Stratigility\Next->handle(Object(Laminas\Diactoros\ServerRequest))
#30 /home/freeper1/public_html/vendor/laminas/laminas-stratigility/src/Next.php(49): Flarum\Http\Middleware\StartSession->process(Object(Laminas\Diactoros\ServerRequest), Object(Laminas\Stratigility\Next))
#31 /home/freeper1/public_html/vendor/flarum/core/src/Api/Middleware/FakeHttpMethods.php(29): Laminas\Stratigility\Next->handle(Object(Laminas\Diactoros\ServerRequest))
#32 /home/freeper1/public_html/vendor/laminas/laminas-stratigility/src/Next.php(49): Flarum\Api\Middleware\FakeHttpMethods->process(Object(Laminas\Diactoros\ServerRequest), Object(Laminas\Stratigility\Next))
#33 /home/freeper1/public_html/vendor/flarum/core/src/Http/Middleware/ParseJsonBody.php(28): Laminas\Stratigility\Next->handle(Object(Laminas\Diactoros\ServerRequest))
#34 /home/freeper1/public_html/vendor/laminas/laminas-stratigility/src/Next.php(49): Flarum\Http\Middleware\ParseJsonBody->process(Object(Laminas\Diactoros\ServerRequest), Object(Laminas\Stratigility\Next))
#35 /home/freeper1/public_html/vendor/flarum/core/src/Http/Middleware/HandleErrors.php(57): Laminas\Stratigility\Next->handle(Object(Laminas\Diactoros\ServerRequest))
#36 /home/freeper1/public_html/vendor/laminas/laminas-stratigility/src/Next.php(49): Flarum\Http\Middleware\HandleErrors->process(Object(Laminas\Diactoros\ServerRequest), Object(Laminas\Stratigility\Next))
#37 /home/freeper1/public_html/vendor/flarum/core/src/Http/Middleware/InjectActorReference.php(25): Laminas\Stratigility\Next->handle(Object(Laminas\Diactoros\ServerRequest))
#38 /home/freeper1/public_html/vendor/laminas/laminas-stratigility/src/Next.php(49): Flarum\Http\Middleware\InjectActorReference->process(Object(Laminas\Diactoros\ServerRequest), Object(Laminas\Stratigility\Next))
#39 /home/freeper1/public_html/vendor/laminas/laminas-stratigility/src/MiddlewarePipe.php(75): Laminas\Stratigility\Next->handle(Object(Laminas\Diactoros\ServerRequest))
#40 /home/freeper1/public_html/vendor/middlewares/request-handler/src/RequestHandler.php(84): Laminas\Stratigility\MiddlewarePipe->process(Object(Laminas\Diactoros\ServerRequest), Object(Laminas\Stratigility\Next))
#41 /home/freeper1/public_html/vendor/laminas/laminas-stratigility/src/Next.php(49): Middlewares\RequestHandler->process(Object(Laminas\Diactoros\ServerRequest), Object(Laminas\Stratigility\Next))
#42 /home/freeper1/public_html/vendor/middlewares/base-path-router/src/BasePathRouter.php(101): Laminas\Stratigility\Next->handle(Object(Laminas\Diactoros\ServerRequest))
#43 /home/freeper1/public_html/vendor/laminas/laminas-stratigility/src/Next.php(49): Middlewares\BasePathRouter->process(Object(Laminas\Diactoros\ServerRequest), Object(Laminas\Stratigility\Next))
#44 /home/freeper1/public_html/vendor/laminas/laminas-stratigility/src/Middleware/OriginalMessages.php(36): Laminas\Stratigility\Next->handle(Object(Laminas\Diactoros\ServerRequest))
#45 /home/freeper1/public_html/vendor/laminas/laminas-stratigility/src/Next.php(49): Laminas\Stratigility\Middleware\OriginalMessages->process(Object(Laminas\Diactoros\ServerRequest), Object(Laminas\Stratigility\Next))
#46 /home/freeper1/public_html/vendor/middlewares/base-path/src/BasePath.php(73): Laminas\Stratigility\Next->handle(Object(Laminas\Diactoros\ServerRequest))
#47 /home/freeper1/public_html/vendor/laminas/laminas-stratigility/src/Next.php(49): Middlewares\BasePath->process(Object(Laminas\Diactoros\ServerRequest), Object(Laminas\Stratigility\Next))
#48 /home/freeper1/public_html/vendor/flarum/core/src/Http/Middleware/ProcessIp.php(24): Laminas\Stratigility\Next->handle(Object(Laminas\Diactoros\ServerRequest))
#49 /home/freeper1/public_html/vendor/laminas/laminas-stratigility/src/Next.php(49): Flarum\Http\Middleware\ProcessIp->process(Object(Laminas\Diactoros\ServerRequest), Object(Laminas\Stratigility\Next))
#50 /home/freeper1/public_html/vendor/laminas/laminas-stratigility/src/MiddlewarePipe.php(75): Laminas\Stratigility\Next->handle(Object(Laminas\Diactoros\ServerRequest))
#51 /home/freeper1/public_html/vendor/laminas/laminas-stratigility/src/MiddlewarePipe.php(64): Laminas\Stratigility\MiddlewarePipe->process(Object(Laminas\Diactoros\ServerRequest), Object(Laminas\Stratigility\EmptyPipelineHandler))
#52 /home/freeper1/public_html/vendor/laminas/laminas-httphandlerrunner/src/RequestHandlerRunner.php(96): Laminas\Stratigility\MiddlewarePipe->handle(Object(Laminas\Diactoros\ServerRequest))
#53 /home/freeper1/public_html/vendor/flarum/core/src/Http/Server.php(44): Laminas\HttpHandlerRunner\RequestHandlerRunner->run()
#54 /home/freeper1/public_html/index.php(26): Flarum\Http\Server->listen()
#55 {main}  
